[ 2018-05-20T13:21:53+08:00 ] 127.0.0.1 /
INFO: [ app_init ] --START--
INFO: Run Common\Behavior\InitHook [ RunTime:0.011303s ]
INFO: [ app_init ] --END-- [ RunTime:0.013189s ]
INFO: [ app_begin ] --START--
INFO: Run Behavior\ReadHtmlCache [ RunTime:0.002543s ]
INFO: [ app_begin ] --END-- [ RunTime:0.002700s ]

[ 2018-05-20T13:21:53+08:00 ] 127.0.0.1 /index.php?s=/Admin/Public/login.html
INFO: [ app_init ] --START--
INFO: Run Common\Behavior\InitHook [ RunTime:0.004158s ]
INFO: [ app_init ] --END-- [ RunTime:0.004816s ]
NOTIC: [2] preg_match(): No ending delimiter '/' found C:\Users\15899\Desktop\market\ThinkPHP\Library\Think\Route.class.php 第 58 行.
INFO: [ app_begin ] --START--
INFO: Run Behavior\ReadHtmlCache [ RunTime:0.001142s ]
INFO: [ app_begin ] --END-- [ RunTime:0.001236s ]
INFO: [ view_parse ] --START--
INFO: [ template_filter ] --START--
INFO: Run Behavior\ContentReplace [ RunTime:0.000083s ]
INFO: [ template_filter ] --END-- [ RunTime:0.000141s ]
INFO: Run Behavior\ParseTemplate [ RunTime:0.010491s ]
INFO: [ view_parse ] --END-- [ RunTime:0.010569s ]
INFO: [ view_filter ] --START--
INFO: Run Behavior\WriteHtmlCache [ RunTime:0.000737s ]
INFO: [ view_filter ] --END-- [ RunTime:0.000789s ]
INFO: [ app_end ] --START--
INFO: Run Behavior\ShowPageTrace [ RunTime:0.001286s ]
INFO: [ app_end ] --END-- [ RunTime:0.001339s ]

[ 2018-05-20T13:21:53+08:00 ] 127.0.0.1 HTTP://market.com/
INFO: [ app_init ] --START--
INFO: Run Common\Behavior\InitHook [ RunTime:0.002460s ]
INFO: [ app_init ] --END-- [ RunTime:0.002844s ]
INFO: [ app_begin ] --START--
INFO: Run Behavior\ReadHtmlCache [ RunTime:0.000677s ]
INFO: [ app_begin ] --END-- [ RunTime:0.000740s ]

[ 2018-05-20T13:21:53+08:00 ] 127.0.0.1 HTTP://market.com/index.php?s=/Admin/Public/login.html
INFO: [ app_init ] --START--
INFO: Run Common\Behavior\InitHook [ RunTime:0.001620s ]
INFO: [ app_init ] --END-- [ RunTime:0.001872s ]
NOTIC: [2] preg_match(): No ending delimiter '/' found C:\Users\15899\Desktop\market\ThinkPHP\Library\Think\Route.class.php 第 58 行.
INFO: [ app_begin ] --START--
INFO: Run Behavior\ReadHtmlCache [ RunTime:0.000436s ]
INFO: [ app_begin ] --END-- [ RunTime:0.000471s ]
INFO: [ view_parse ] --START--
INFO: [ template_filter ] --START--
INFO: Run Behavior\ContentReplace [ RunTime:0.000051s ]
INFO: [ template_filter ] --END-- [ RunTime:0.000087s ]
INFO: Run Behavior\ParseTemplate [ RunTime:0.005559s ]
INFO: [ view_parse ] --END-- [ RunTime:0.005598s ]
INFO: [ view_filter ] --START--
INFO: Run Behavior\WriteHtmlCache [ RunTime:0.000285s ]
INFO: [ view_filter ] --END-- [ RunTime:0.000311s ]
INFO: [ app_end ] --START--
INFO: Run Behavior\ShowPageTrace [ RunTime:0.000462s ]
INFO: [ app_end ] --END-- [ RunTime:0.000491s ]

