[ 2018-05-06T00:29:01+08:00 ] 127.0.0.1 /index.php?s=/Admin/Menu/index.html
INFO: [ app_init ] --START--
INFO: Run Common\Behavior\InitHook [ RunTime:0.002855s ]
INFO: [ app_init ] --END-- [ RunTime:0.003370s ]
NOTIC: [2] preg_match(): No ending delimiter '/' found C:\Users\15899\Desktop\market\ThinkPHP\Library\Think\Route.class.php 第 58 行.
INFO: [ app_begin ] --START--
INFO: Run Behavior\ReadHtmlCache [ RunTime:0.000671s ]
INFO: [ app_begin ] --END-- [ RunTime:0.000741s ]
SQL: SHOW COLUMNS FROM `mk_menu` [ RunTime:0.005045s ]
SQL: SELECT * FROM `mk_menu` WHERE ( `pid` = 0 ) AND ( `hide` = 0 ) ORDER BY sort asc  [ RunTime:0.001596s ]
SQL: SELECT `id` FROM `mk_menu` WHERE ( url like '%Menu/index%' ) LIMIT 1   [ RunTime:0.001435s ]
SQL: SHOW COLUMNS FROM `mk_menu` [ RunTime:0.004672s ]
SQL: SELECT `id`,`pid`,`title` FROM `mk_menu` WHERE ( id=75 ) LIMIT 1   [ RunTime:0.001423s ]
SQL: SELECT `id`,`pid`,`title` FROM `mk_menu` WHERE ( id=68 ) LIMIT 1   [ RunTime:0.000514s ]
SQL: SELECT DISTINCT  `group` FROM `mk_menu` WHERE ( pid = 68 )  [ RunTime:0.000806s ]
SQL: SELECT `id`,`url` FROM `mk_menu` WHERE ( `pid` = 68 ) AND ( `hide` = 0 )  [ RunTime:0.000953s ]
SQL: SELECT `id`,`pid`,`title`,`url`,`tip` FROM `mk_menu` WHERE ( `group` = '系统设置' ) AND ( `pid` = 68 ) AND ( `hide` = 0 ) ORDER BY sort asc  [ RunTime:0.001776s ]
SQL: SELECT `id`,`pid`,`title`,`url`,`tip` FROM `mk_menu` WHERE ( `group` = '' ) AND ( `pid` = 68 ) AND ( `hide` = 0 ) ORDER BY sort asc  [ RunTime:0.001351s ]
SQL: SELECT `id`,`pid`,`title`,`url`,`tip` FROM `mk_menu` WHERE ( `group` = '数据备份' ) AND ( `pid` = 68 ) AND ( `hide` = 0 ) ORDER BY sort asc  [ RunTime:0.001749s ]
SQL: SELECT `id`,`title` FROM `mk_menu`  [ RunTime:0.002379s ]
SQL: SELECT `id`,`title`,`pid`,`sort`,`url`,`hide`,`tip`,`group`,`is_dev` FROM `mk_menu` WHERE ( `pid` = 0 ) ORDER BY sort asc,id asc  [ RunTime:0.001916s ]
INFO: [ view_parse ] --START--
INFO: [ template_filter ] --START--
INFO: Run Behavior\ContentReplace [ RunTime:0.000202s ]
INFO: [ template_filter ] --END-- [ RunTime:0.000254s ]
INFO: Run Behavior\ParseTemplate [ RunTime:0.020065s ]
INFO: [ view_parse ] --END-- [ RunTime:0.020128s ]
INFO: [ view_filter ] --START--
INFO: Run Behavior\WriteHtmlCache [ RunTime:0.000540s ]
INFO: [ view_filter ] --END-- [ RunTime:0.000576s ]
INFO: [ app_end ] --START--
INFO: Run Behavior\ShowPageTrace [ RunTime:0.000884s ]
INFO: [ app_end ] --END-- [ RunTime:0.000946s ]

[ 2018-05-06T00:29:02+08:00 ] 127.0.0.1 /index.php?s=/Admin/Device/index.html
INFO: [ app_init ] --START--
INFO: Run Common\Behavior\InitHook [ RunTime:0.002040s ]
INFO: [ app_init ] --END-- [ RunTime:0.002375s ]
NOTIC: [2] preg_match(): No ending delimiter '/' found C:\Users\15899\Desktop\market\ThinkPHP\Library\Think\Route.class.php 第 58 行.
INFO: [ app_begin ] --START--
INFO: Run Behavior\ReadHtmlCache [ RunTime:0.000907s ]
INFO: [ app_begin ] --END-- [ RunTime:0.001022s ]
SQL: SHOW COLUMNS FROM `mk_menu` [ RunTime:0.007408s ]
SQL: SELECT * FROM `mk_menu` WHERE ( `pid` = 0 ) AND ( `hide` = 0 ) ORDER BY sort asc  [ RunTime:0.000976s ]
SQL: SELECT `id` FROM `mk_menu` WHERE ( url like '%Device/index%' ) LIMIT 1   [ RunTime:0.000684s ]
SQL: SHOW COLUMNS FROM `mk_menu` [ RunTime:0.004420s ]
SQL: SELECT `id`,`pid`,`title` FROM `mk_menu` WHERE ( id=124 ) LIMIT 1   [ RunTime:0.000967s ]
SQL: SELECT DISTINCT  `group` FROM `mk_menu` WHERE ( pid = 124 )  [ RunTime:0.000764s ]
SQL: SELECT `id`,`url` FROM `mk_menu` WHERE ( `pid` = 124 ) AND ( `hide` = 0 )  [ RunTime:0.000622s ]
SQL: SELECT `id`,`pid`,`title`,`url`,`tip` FROM `mk_menu` WHERE ( `group` = '设备管理' ) AND ( `pid` = 124 ) AND ( `hide` = 0 ) ORDER BY sort asc  [ RunTime:0.001729s ]
SQL: SHOW COLUMNS FROM `mk_device` [ RunTime:0.005702s ]
SQL: SHOW COLUMNS FROM `mk_auth_group_access` [ RunTime:0.005405s ]
SQL: SELECT * FROM `mk_auth_group_access` WHERE ( group_id = 1 )  [ RunTime:0.000825s ]
SQL: SHOW COLUMNS FROM `mk_shop` [ RunTime:0.005155s ]
SQL: SELECT `shop_id`,`shop_name` FROM `mk_shop` WHERE ( status >= 0 ) ORDER BY add_time desc  [ RunTime:0.000939s ]
SQL: SHOW COLUMNS FROM `mk_device` [ RunTime:0.004819s ]
SQL: SELECT COUNT(*) AS tp_count FROM mk_device d,mk_shop s WHERE ( d.shop_id = s.shop_id AND d.status >= 0 ) LIMIT 1   [ RunTime:0.001313s ]
SQL: SHOW COLUMNS FROM `mk_device` [ RunTime:0.004830s ]
SQL: SELECT d.*,s.shop_name,s.shop_address FROM mk_device d,mk_shop s WHERE ( d.shop_id = s.shop_id AND d.status >= 0 ) ORDER BY d.add_time desc LIMIT 0,10   [ RunTime:0.002945s ]
INFO: [ view_parse ] --START--
INFO: [ template_filter ] --START--
INFO: Run Behavior\ContentReplace [ RunTime:0.000284s ]
INFO: [ template_filter ] --END-- [ RunTime:0.000357s ]
NOTIC: [8] Undefined variable: is_hidden C:\Users\15899\Desktop\market\Runtime\Cache\Admin\41b529fcda1c7909d8584fcefd19a8bc.php 第 100 行.
NOTIC: [8] Undefined index: shop_id C:\Users\15899\Desktop\market\Runtime\Cache\Admin\41b529fcda1c7909d8584fcefd19a8bc.php 第 102 行.
NOTIC: [8] Undefined index: shop_id C:\Users\15899\Desktop\market\Runtime\Cache\Admin\41b529fcda1c7909d8584fcefd19a8bc.php 第 102 行.
NOTIC: [8] Undefined index: shop_id C:\Users\15899\Desktop\market\Runtime\Cache\Admin\41b529fcda1c7909d8584fcefd19a8bc.php 第 102 行.
INFO: Run Behavior\ParseTemplate [ RunTime:0.019165s ]
INFO: [ view_parse ] --END-- [ RunTime:0.019235s ]
INFO: [ view_filter ] --START--
INFO: Run Behavior\WriteHtmlCache [ RunTime:0.000470s ]
INFO: [ view_filter ] --END-- [ RunTime:0.000504s ]
INFO: [ app_end ] --START--
INFO: Run Behavior\ShowPageTrace [ RunTime:0.000939s ]
INFO: [ app_end ] --END-- [ RunTime:0.001024s ]

[ 2018-05-06T00:29:03+08:00 ] 127.0.0.1 /index.php?s=/Admin/Shop/index.html
INFO: [ app_init ] --START--
INFO: Run Common\Behavior\InitHook [ RunTime:0.002165s ]
INFO: [ app_init ] --END-- [ RunTime:0.002584s ]
NOTIC: [2] preg_match(): No ending delimiter '/' found C:\Users\15899\Desktop\market\ThinkPHP\Library\Think\Route.class.php 第 58 行.
INFO: [ app_begin ] --START--
INFO: Run Behavior\ReadHtmlCache [ RunTime:0.001658s ]
INFO: [ app_begin ] --END-- [ RunTime:0.001823s ]
SQL: SHOW COLUMNS FROM `mk_menu` [ RunTime:0.007074s ]
SQL: SELECT * FROM `mk_menu` WHERE ( `pid` = 0 ) AND ( `hide` = 0 ) ORDER BY sort asc  [ RunTime:0.001467s ]
SQL: SELECT `id` FROM `mk_menu` WHERE ( url like '%Shop/index%' ) LIMIT 1   [ RunTime:0.000938s ]
SQL: SHOW COLUMNS FROM `mk_menu` [ RunTime:0.006796s ]
SQL: SELECT `id`,`pid`,`title` FROM `mk_menu` WHERE ( id=128 ) LIMIT 1   [ RunTime:0.001436s ]
SQL: SELECT DISTINCT  `group` FROM `mk_menu` WHERE ( pid = 128 )  [ RunTime:0.002345s ]
SQL: SELECT `id`,`url` FROM `mk_menu` WHERE ( `pid` = 128 ) AND ( `hide` = 0 )  [ RunTime:0.001273s ]
SQL: SELECT `id`,`pid`,`title`,`url`,`tip` FROM `mk_menu` WHERE ( `group` = '店面管理' ) AND ( `pid` = 128 ) AND ( `hide` = 0 ) ORDER BY sort asc  [ RunTime:0.000937s ]
SQL: SHOW COLUMNS FROM `mk_shop` [ RunTime:0.004833s ]
SQL: SHOW COLUMNS FROM `mk_auth_group_access` [ RunTime:0.007070s ]
SQL: SELECT * FROM `mk_auth_group_access` WHERE ( group_id = 1 )  [ RunTime:0.001513s ]
SQL: SHOW COLUMNS FROM `mk_shop` [ RunTime:0.005952s ]
SQL: SELECT COUNT(*) AS tp_count FROM mk_shop as s,mk_business as b WHERE ( s.status >=0 and s.business_id = b.business_id ) LIMIT 1   [ RunTime:0.002287s ]
SQL: SHOW COLUMNS FROM `mk_shop` [ RunTime:0.006309s ]
SQL: SELECT s.*,b.business_name,b.business_address,b.business_tel FROM mk_shop as s,mk_business as b WHERE ( s.status >=0 and s.business_id = b.business_id ) ORDER BY s.add_time desc LIMIT 0,10   [ RunTime:0.000979s ]
INFO: [ view_parse ] --START--
INFO: [ template_filter ] --START--
INFO: Run Behavior\ContentReplace [ RunTime:0.000173s ]
INFO: [ template_filter ] --END-- [ RunTime:0.000215s ]
NOTIC: [8] Undefined variable: meta_title C:\Users\15899\Desktop\market\Runtime\Cache\Admin\52fa67f14c08742f6c521ab8140bab06.php 第 5 行.
NOTIC: [8] Undefined index: id C:\Users\15899\Desktop\market\Runtime\Cache\Admin\52fa67f14c08742f6c521ab8140bab06.php 第 135 行.
NOTIC: [8] Undefined index: id C:\Users\15899\Desktop\market\Runtime\Cache\Admin\52fa67f14c08742f6c521ab8140bab06.php 第 135 行.
NOTIC: [8] Undefined index: id C:\Users\15899\Desktop\market\Runtime\Cache\Admin\52fa67f14c08742f6c521ab8140bab06.php 第 135 行.
INFO: Run Behavior\ParseTemplate [ RunTime:0.014208s ]
INFO: [ view_parse ] --END-- [ RunTime:0.014253s ]
INFO: [ view_filter ] --START--
INFO: Run Behavior\WriteHtmlCache [ RunTime:0.000679s ]
INFO: [ view_filter ] --END-- [ RunTime:0.000748s ]
INFO: [ app_end ] --START--
INFO: Run Behavior\ShowPageTrace [ RunTime:0.001121s ]
INFO: [ app_end ] --END-- [ RunTime:0.001275s ]

[ 2018-05-06T00:29:25+08:00 ] 127.0.0.1 /index.php?s=/Admin/Shop/changeStatus/method/deleteshop/id/25.html
INFO: [ app_init ] --START--
INFO: Run Common\Behavior\InitHook [ RunTime:0.005803s ]
INFO: [ app_init ] --END-- [ RunTime:0.007171s ]
NOTIC: [2] preg_match(): No ending delimiter '/' found C:\Users\15899\Desktop\market\ThinkPHP\Library\Think\Route.class.php 第 58 行.
INFO: [ app_begin ] --START--
INFO: Run Behavior\ReadHtmlCache [ RunTime:0.000791s ]
INFO: [ app_begin ] --END-- [ RunTime:0.000846s ]
SQL: SHOW COLUMNS FROM `mk_menu` [ RunTime:0.013972s ]
SQL: SELECT * FROM `mk_menu` WHERE ( `pid` = 0 ) AND ( `hide` = 0 ) ORDER BY sort asc  [ RunTime:0.001865s ]
SQL: SELECT `id` FROM `mk_menu` WHERE ( url like '%Shop/changestatus%' ) LIMIT 1   [ RunTime:0.001721s ]
SQL: SHOW COLUMNS FROM `mk_menu` [ RunTime:0.008723s ]
SQL: SELECT `id`,`pid`,`title` FROM `mk_menu` WHERE ( id=169 ) LIMIT 1   [ RunTime:0.001285s ]
SQL: SELECT `id`,`pid`,`title` FROM `mk_menu` WHERE ( id=132 ) LIMIT 1   [ RunTime:0.001722s ]
SQL: SELECT `id`,`pid`,`title` FROM `mk_menu` WHERE ( id=128 ) LIMIT 1   [ RunTime:0.001405s ]
SQL: SELECT DISTINCT  `group` FROM `mk_menu` WHERE ( pid = 128 )  [ RunTime:0.002333s ]
SQL: SELECT `id`,`url` FROM `mk_menu` WHERE ( `pid` = 128 ) AND ( `hide` = 0 )  [ RunTime:0.002049s ]
SQL: SELECT `id`,`pid`,`title`,`url`,`tip` FROM `mk_menu` WHERE ( `group` = '店面管理' ) AND ( `pid` = 128 ) AND ( `hide` = 0 ) ORDER BY sort asc  [ RunTime:0.001507s ]
SQL: SHOW COLUMNS FROM `mk_device` [ RunTime:0.005796s ]
SQL: SELECT COUNT(*) AS tp_count FROM `mk_device` WHERE ( `status` >= 0 ) AND ( `shop_id` IN ('25') ) LIMIT 1   [ RunTime:0.001171s ]
SQL: SELECT `id`,`shop_id`,`device_id`,`device_name`,`device_qr`,`add_time`,`update_time`,`status`,`lock_id`,`lock_num`,`board_id` FROM `mk_device` WHERE ( `status` >= 0 ) AND ( `shop_id` IN ('25') ) ORDER BY id desc LIMIT 0,10   [ RunTime:0.001124s ]

[ 2018-05-06T00:31:46+08:00 ] 127.0.0.1 /index.php?s=/Admin/Shop/index.html
INFO: [ app_init ] --START--
INFO: Run Common\Behavior\InitHook [ RunTime:0.003986s ]
INFO: [ app_init ] --END-- [ RunTime:0.004517s ]
NOTIC: [2] preg_match(): No ending delimiter '/' found C:\Users\15899\Desktop\market\ThinkPHP\Library\Think\Route.class.php 第 58 行.
INFO: [ app_begin ] --START--
INFO: Run Behavior\ReadHtmlCache [ RunTime:0.000985s ]
INFO: [ app_begin ] --END-- [ RunTime:0.001044s ]
SQL: SHOW COLUMNS FROM `mk_menu` [ RunTime:0.008522s ]
SQL: SELECT * FROM `mk_menu` WHERE ( `pid` = 0 ) AND ( `hide` = 0 ) ORDER BY sort asc  [ RunTime:0.001582s ]
SQL: SELECT `id` FROM `mk_menu` WHERE ( url like '%Shop/index%' ) LIMIT 1   [ RunTime:0.001118s ]
SQL: SHOW COLUMNS FROM `mk_menu` [ RunTime:0.008958s ]
SQL: SELECT `id`,`pid`,`title` FROM `mk_menu` WHERE ( id=128 ) LIMIT 1   [ RunTime:0.004167s ]
SQL: SELECT DISTINCT  `group` FROM `mk_menu` WHERE ( pid = 128 )  [ RunTime:0.002917s ]
SQL: SELECT `id`,`url` FROM `mk_menu` WHERE ( `pid` = 128 ) AND ( `hide` = 0 )  [ RunTime:0.002658s ]
SQL: SELECT `id`,`pid`,`title`,`url`,`tip` FROM `mk_menu` WHERE ( `group` = '店面管理' ) AND ( `pid` = 128 ) AND ( `hide` = 0 ) ORDER BY sort asc  [ RunTime:0.001731s ]
SQL: SHOW COLUMNS FROM `mk_shop` [ RunTime:0.009704s ]
SQL: SHOW COLUMNS FROM `mk_auth_group_access` [ RunTime:0.005027s ]
SQL: SELECT * FROM `mk_auth_group_access` WHERE ( group_id = 1 )  [ RunTime:0.001833s ]
SQL: SHOW COLUMNS FROM `mk_shop` [ RunTime:0.010074s ]
SQL: SELECT COUNT(*) AS tp_count FROM mk_shop as s,mk_business as b WHERE ( s.status >=0 and s.business_id = b.business_id ) LIMIT 1   [ RunTime:0.001270s ]
SQL: SHOW COLUMNS FROM `mk_shop` [ RunTime:0.003440s ]
SQL: SELECT s.*,b.business_name,b.business_address,b.business_tel FROM mk_shop as s,mk_business as b WHERE ( s.status >=0 and s.business_id = b.business_id ) ORDER BY s.add_time desc LIMIT 0,10   [ RunTime:0.001116s ]
INFO: [ view_parse ] --START--
INFO: [ template_filter ] --START--
INFO: Run Behavior\ContentReplace [ RunTime:0.000228s ]
INFO: [ template_filter ] --END-- [ RunTime:0.000308s ]
NOTIC: [8] Undefined variable: meta_title C:\Users\15899\Desktop\market\Runtime\Cache\Admin\52fa67f14c08742f6c521ab8140bab06.php 第 5 行.
NOTIC: [8] Undefined index: id C:\Users\15899\Desktop\market\Runtime\Cache\Admin\52fa67f14c08742f6c521ab8140bab06.php 第 135 行.
NOTIC: [8] Undefined index: id C:\Users\15899\Desktop\market\Runtime\Cache\Admin\52fa67f14c08742f6c521ab8140bab06.php 第 135 行.
NOTIC: [8] Undefined index: id C:\Users\15899\Desktop\market\Runtime\Cache\Admin\52fa67f14c08742f6c521ab8140bab06.php 第 135 行.
INFO: Run Behavior\ParseTemplate [ RunTime:0.016890s ]
INFO: [ view_parse ] --END-- [ RunTime:0.016955s ]
INFO: [ view_filter ] --START--
INFO: Run Behavior\WriteHtmlCache [ RunTime:0.000719s ]
INFO: [ view_filter ] --END-- [ RunTime:0.000796s ]
INFO: [ app_end ] --START--
INFO: Run Behavior\ShowPageTrace [ RunTime:0.001401s ]
INFO: [ app_end ] --END-- [ RunTime:0.001592s ]

[ 2018-05-06T01:41:21+08:00 ] 127.0.0.1 /index.php?s=/Admin/Config/group.html
INFO: [ app_init ] --START--
INFO: Run Common\Behavior\InitHook [ RunTime:0.003402s ]
INFO: [ app_init ] --END-- [ RunTime:0.003946s ]
NOTIC: [2] preg_match(): No ending delimiter '/' found C:\Users\15899\Desktop\market\ThinkPHP\Library\Think\Route.class.php 第 58 行.
INFO: [ app_begin ] --START--
INFO: Run Behavior\ReadHtmlCache [ RunTime:0.001083s ]
INFO: [ app_begin ] --END-- [ RunTime:0.001249s ]
SQL: SHOW COLUMNS FROM `mk_menu` [ RunTime:0.008088s ]
SQL: SELECT * FROM `mk_menu` WHERE ( `pid` = 0 ) AND ( `hide` = 0 ) ORDER BY sort asc  [ RunTime:0.003115s ]
SQL: SELECT `id` FROM `mk_menu` WHERE ( url like '%Config/group%' ) LIMIT 1   [ RunTime:0.001252s ]
SQL: SHOW COLUMNS FROM `mk_menu` [ RunTime:0.005841s ]
SQL: SELECT `id`,`pid`,`title` FROM `mk_menu` WHERE ( id=68 ) LIMIT 1   [ RunTime:0.001685s ]
SQL: SELECT DISTINCT  `group` FROM `mk_menu` WHERE ( pid = 68 )  [ RunTime:0.002480s ]
SQL: SELECT `id`,`url` FROM `mk_menu` WHERE ( `pid` = 68 ) AND ( `hide` = 0 )  [ RunTime:0.003121s ]
SQL: SELECT `id`,`pid`,`title`,`url`,`tip` FROM `mk_menu` WHERE ( `group` = '系统设置' ) AND ( `pid` = 68 ) AND ( `hide` = 0 ) ORDER BY sort asc  [ RunTime:0.001707s ]
SQL: SELECT `id`,`pid`,`title`,`url`,`tip` FROM `mk_menu` WHERE ( `group` = '' ) AND ( `pid` = 68 ) AND ( `hide` = 0 ) ORDER BY sort asc  [ RunTime:0.001152s ]
SQL: SELECT `id`,`pid`,`title`,`url`,`tip` FROM `mk_menu` WHERE ( `group` = '数据备份' ) AND ( `pid` = 68 ) AND ( `hide` = 0 ) ORDER BY sort asc  [ RunTime:0.000931s ]
SQL: SHOW COLUMNS FROM `mk_config` [ RunTime:0.005084s ]
SQL: SELECT `id`,`name`,`title`,`extra`,`value`,`remark`,`type` FROM `mk_config` WHERE ( `status` = 1 ) AND ( `group` = 1 ) ORDER BY sort  [ RunTime:0.002107s ]
INFO: [ view_parse ] --START--
INFO: [ template_filter ] --START--
INFO: Run Behavior\ContentReplace [ RunTime:0.000135s ]
INFO: [ template_filter ] --END-- [ RunTime:0.000184s ]
INFO: Run Behavior\ParseTemplate [ RunTime:0.016552s ]
INFO: [ view_parse ] --END-- [ RunTime:0.016644s ]
INFO: [ view_filter ] --START--
INFO: Run Behavior\WriteHtmlCache [ RunTime:0.000594s ]
INFO: [ view_filter ] --END-- [ RunTime:0.000638s ]
INFO: [ app_end ] --START--
INFO: Run Behavior\ShowPageTrace [ RunTime:0.001324s ]
INFO: [ app_end ] --END-- [ RunTime:0.001489s ]

[ 2018-05-06T01:41:23+08:00 ] 127.0.0.1 /index.php?s=/Admin/Menu/index.html
INFO: [ app_init ] --START--
INFO: Run Common\Behavior\InitHook [ RunTime:0.002640s ]
INFO: [ app_init ] --END-- [ RunTime:0.002981s ]
NOTIC: [2] preg_match(): No ending delimiter '/' found C:\Users\15899\Desktop\market\ThinkPHP\Library\Think\Route.class.php 第 58 行.
INFO: [ app_begin ] --START--
INFO: Run Behavior\ReadHtmlCache [ RunTime:0.001175s ]
INFO: [ app_begin ] --END-- [ RunTime:0.001421s ]
SQL: SHOW COLUMNS FROM `mk_menu` [ RunTime:0.006136s ]
SQL: SELECT * FROM `mk_menu` WHERE ( `pid` = 0 ) AND ( `hide` = 0 ) ORDER BY sort asc  [ RunTime:0.001815s ]
SQL: SELECT `id` FROM `mk_menu` WHERE ( url like '%Menu/index%' ) LIMIT 1   [ RunTime:0.001100s ]
SQL: SHOW COLUMNS FROM `mk_menu` [ RunTime:0.006427s ]
SQL: SELECT `id`,`pid`,`title` FROM `mk_menu` WHERE ( id=75 ) LIMIT 1   [ RunTime:0.001904s ]
SQL: SELECT `id`,`pid`,`title` FROM `mk_menu` WHERE ( id=68 ) LIMIT 1   [ RunTime:0.001653s ]
SQL: SELECT DISTINCT  `group` FROM `mk_menu` WHERE ( pid = 68 )  [ RunTime:0.000766s ]
SQL: SELECT `id`,`url` FROM `mk_menu` WHERE ( `pid` = 68 ) AND ( `hide` = 0 )  [ RunTime:0.000788s ]
SQL: SELECT `id`,`pid`,`title`,`url`,`tip` FROM `mk_menu` WHERE ( `group` = '系统设置' ) AND ( `pid` = 68 ) AND ( `hide` = 0 ) ORDER BY sort asc  [ RunTime:0.000715s ]
SQL: SELECT `id`,`pid`,`title`,`url`,`tip` FROM `mk_menu` WHERE ( `group` = '' ) AND ( `pid` = 68 ) AND ( `hide` = 0 ) ORDER BY sort asc  [ RunTime:0.000788s ]
SQL: SELECT `id`,`pid`,`title`,`url`,`tip` FROM `mk_menu` WHERE ( `group` = '数据备份' ) AND ( `pid` = 68 ) AND ( `hide` = 0 ) ORDER BY sort asc  [ RunTime:0.000780s ]
SQL: SELECT `id`,`title` FROM `mk_menu`  [ RunTime:0.001178s ]
SQL: SELECT `id`,`title`,`pid`,`sort`,`url`,`hide`,`tip`,`group`,`is_dev` FROM `mk_menu` WHERE ( `pid` = 0 ) ORDER BY sort asc,id asc  [ RunTime:0.003966s ]
INFO: [ view_parse ] --START--
INFO: [ template_filter ] --START--
INFO: Run Behavior\ContentReplace [ RunTime:0.000291s ]
INFO: [ template_filter ] --END-- [ RunTime:0.000371s ]
INFO: Run Behavior\ParseTemplate [ RunTime:0.018831s ]
INFO: [ view_parse ] --END-- [ RunTime:0.018902s ]
INFO: [ view_filter ] --START--
INFO: Run Behavior\WriteHtmlCache [ RunTime:0.000540s ]
INFO: [ view_filter ] --END-- [ RunTime:0.000587s ]
INFO: [ app_end ] --START--
INFO: Run Behavior\ShowPageTrace [ RunTime:0.000782s ]
INFO: [ app_end ] --END-- [ RunTime:0.000848s ]

[ 2018-05-06T01:41:24+08:00 ] 127.0.0.1 /index.php?s=/Admin/Menu/index/pid/154.html
INFO: [ app_init ] --START--
INFO: Run Common\Behavior\InitHook [ RunTime:0.002253s ]
INFO: [ app_init ] --END-- [ RunTime:0.002580s ]
NOTIC: [2] preg_match(): No ending delimiter '/' found C:\Users\15899\Desktop\market\ThinkPHP\Library\Think\Route.class.php 第 58 行.
INFO: [ app_begin ] --START--
INFO: Run Behavior\ReadHtmlCache [ RunTime:0.000842s ]
INFO: [ app_begin ] --END-- [ RunTime:0.000903s ]
SQL: SHOW COLUMNS FROM `mk_menu` [ RunTime:0.005921s ]
SQL: SELECT * FROM `mk_menu` WHERE ( `pid` = 0 ) AND ( `hide` = 0 ) ORDER BY sort asc  [ RunTime:0.004256s ]
SQL: SELECT `id` FROM `mk_menu` WHERE ( url like '%Menu/index%' ) LIMIT 1   [ RunTime:0.001438s ]
SQL: SHOW COLUMNS FROM `mk_menu` [ RunTime:0.005860s ]
SQL: SELECT `id`,`pid`,`title` FROM `mk_menu` WHERE ( id=75 ) LIMIT 1   [ RunTime:0.001301s ]
SQL: SELECT `id`,`pid`,`title` FROM `mk_menu` WHERE ( id=68 ) LIMIT 1   [ RunTime:0.003034s ]
SQL: SELECT DISTINCT  `group` FROM `mk_menu` WHERE ( pid = 68 )  [ RunTime:0.001570s ]
SQL: SELECT `id`,`url` FROM `mk_menu` WHERE ( `pid` = 68 ) AND ( `hide` = 0 )  [ RunTime:0.001146s ]
SQL: SELECT `id`,`pid`,`title`,`url`,`tip` FROM `mk_menu` WHERE ( `group` = '系统设置' ) AND ( `pid` = 68 ) AND ( `hide` = 0 ) ORDER BY sort asc  [ RunTime:0.001185s ]
SQL: SELECT `id`,`pid`,`title`,`url`,`tip` FROM `mk_menu` WHERE ( `group` = '' ) AND ( `pid` = 68 ) AND ( `hide` = 0 ) ORDER BY sort asc  [ RunTime:0.002793s ]
SQL: SELECT `id`,`pid`,`title`,`url`,`tip` FROM `mk_menu` WHERE ( `group` = '数据备份' ) AND ( `pid` = 68 ) AND ( `hide` = 0 ) ORDER BY sort asc  [ RunTime:0.001119s ]
SQL: SELECT `id`,`title`,`pid`,`sort`,`url`,`hide`,`tip`,`group`,`is_dev` FROM `mk_menu` WHERE ( id=154 ) LIMIT 1   [ RunTime:0.000752s ]
SQL: SELECT `id`,`title` FROM `mk_menu`  [ RunTime:0.005661s ]
SQL: SELECT `id`,`title`,`pid`,`sort`,`url`,`hide`,`tip`,`group`,`is_dev` FROM `mk_menu` WHERE ( `pid` = 154 ) ORDER BY sort asc,id asc  [ RunTime:0.000494s ]
INFO: [ view_parse ] --START--
INFO: [ template_filter ] --START--
INFO: Run Behavior\ContentReplace [ RunTime:0.000186s ]
INFO: [ template_filter ] --END-- [ RunTime:0.000274s ]
INFO: Run Behavior\ParseTemplate [ RunTime:0.018133s ]
INFO: [ view_parse ] --END-- [ RunTime:0.018217s ]
INFO: [ view_filter ] --START--
INFO: Run Behavior\WriteHtmlCache [ RunTime:0.000640s ]
INFO: [ view_filter ] --END-- [ RunTime:0.000777s ]
INFO: [ app_end ] --START--
INFO: Run Behavior\ShowPageTrace [ RunTime:0.001297s ]
INFO: [ app_end ] --END-- [ RunTime:0.001460s ]

[ 2018-05-06T01:41:26+08:00 ] 127.0.0.1 /index.php?s=/Admin/Menu/index.html
INFO: [ app_init ] --START--
INFO: Run Common\Behavior\InitHook [ RunTime:0.002934s ]
INFO: [ app_init ] --END-- [ RunTime:0.003470s ]
NOTIC: [2] preg_match(): No ending delimiter '/' found C:\Users\15899\Desktop\market\ThinkPHP\Library\Think\Route.class.php 第 58 行.
INFO: [ app_begin ] --START--
INFO: Run Behavior\ReadHtmlCache [ RunTime:0.000978s ]
INFO: [ app_begin ] --END-- [ RunTime:0.001106s ]
SQL: SHOW COLUMNS FROM `mk_menu` [ RunTime:0.012418s ]
SQL: SELECT * FROM `mk_menu` WHERE ( `pid` = 0 ) AND ( `hide` = 0 ) ORDER BY sort asc  [ RunTime:0.003245s ]
SQL: SELECT `id` FROM `mk_menu` WHERE ( url like '%Menu/index%' ) LIMIT 1   [ RunTime:0.002756s ]
SQL: SHOW COLUMNS FROM `mk_menu` [ RunTime:0.007332s ]
SQL: SELECT `id`,`pid`,`title` FROM `mk_menu` WHERE ( id=75 ) LIMIT 1   [ RunTime:0.003155s ]
SQL: SELECT `id`,`pid`,`title` FROM `mk_menu` WHERE ( id=68 ) LIMIT 1   [ RunTime:0.002092s ]
SQL: SELECT DISTINCT  `group` FROM `mk_menu` WHERE ( pid = 68 )  [ RunTime:0.003296s ]
SQL: SELECT `id`,`url` FROM `mk_menu` WHERE ( `pid` = 68 ) AND ( `hide` = 0 )  [ RunTime:0.003239s ]
SQL: SELECT `id`,`pid`,`title`,`url`,`tip` FROM `mk_menu` WHERE ( `group` = '系统设置' ) AND ( `pid` = 68 ) AND ( `hide` = 0 ) ORDER BY sort asc  [ RunTime:0.001437s ]
SQL: SELECT `id`,`pid`,`title`,`url`,`tip` FROM `mk_menu` WHERE ( `group` = '' ) AND ( `pid` = 68 ) AND ( `hide` = 0 ) ORDER BY sort asc  [ RunTime:0.001336s ]
SQL: SELECT `id`,`pid`,`title`,`url`,`tip` FROM `mk_menu` WHERE ( `group` = '数据备份' ) AND ( `pid` = 68 ) AND ( `hide` = 0 ) ORDER BY sort asc  [ RunTime:0.001482s ]
SQL: SELECT `id`,`title` FROM `mk_menu`  [ RunTime:0.003516s ]
SQL: SELECT `id`,`title`,`pid`,`sort`,`url`,`hide`,`tip`,`group`,`is_dev` FROM `mk_menu` WHERE ( `pid` = 0 ) ORDER BY sort asc,id asc  [ RunTime:0.002333s ]
INFO: [ view_parse ] --START--
INFO: [ template_filter ] --START--
INFO: Run Behavior\ContentReplace [ RunTime:0.000263s ]
INFO: [ template_filter ] --END-- [ RunTime:0.000373s ]
INFO: Run Behavior\ParseTemplate [ RunTime:0.022281s ]
INFO: [ view_parse ] --END-- [ RunTime:0.022375s ]
INFO: [ view_filter ] --START--
INFO: Run Behavior\WriteHtmlCache [ RunTime:0.000692s ]
INFO: [ view_filter ] --END-- [ RunTime:0.000734s ]
INFO: [ app_end ] --START--
INFO: Run Behavior\ShowPageTrace [ RunTime:0.001021s ]
INFO: [ app_end ] --END-- [ RunTime:0.001130s ]

[ 2018-05-06T01:41:27+08:00 ] 127.0.0.1 /index.php?s=/Admin/Menu/index/pid/16.html
INFO: [ app_init ] --START--
INFO: Run Common\Behavior\InitHook [ RunTime:0.002218s ]
INFO: [ app_init ] --END-- [ RunTime:0.002603s ]
NOTIC: [2] preg_match(): No ending delimiter '/' found C:\Users\15899\Desktop\market\ThinkPHP\Library\Think\Route.class.php 第 58 行.
INFO: [ app_begin ] --START--
INFO: Run Behavior\ReadHtmlCache [ RunTime:0.000560s ]
INFO: [ app_begin ] --END-- [ RunTime:0.000599s ]
SQL: SHOW COLUMNS FROM `mk_menu` [ RunTime:0.004411s ]
SQL: SELECT * FROM `mk_menu` WHERE ( `pid` = 0 ) AND ( `hide` = 0 ) ORDER BY sort asc  [ RunTime:0.002684s ]
SQL: SELECT `id` FROM `mk_menu` WHERE ( url like '%Menu/index%' ) LIMIT 1   [ RunTime:0.001294s ]
SQL: SHOW COLUMNS FROM `mk_menu` [ RunTime:0.006377s ]
SQL: SELECT `id`,`pid`,`title` FROM `mk_menu` WHERE ( id=75 ) LIMIT 1   [ RunTime:0.001594s ]
SQL: SELECT `id`,`pid`,`title` FROM `mk_menu` WHERE ( id=68 ) LIMIT 1   [ RunTime:0.000766s ]
SQL: SELECT DISTINCT  `group` FROM `mk_menu` WHERE ( pid = 68 )  [ RunTime:0.001470s ]
SQL: SELECT `id`,`url` FROM `mk_menu` WHERE ( `pid` = 68 ) AND ( `hide` = 0 )  [ RunTime:0.001229s ]
SQL: SELECT `id`,`pid`,`title`,`url`,`tip` FROM `mk_menu` WHERE ( `group` = '系统设置' ) AND ( `pid` = 68 ) AND ( `hide` = 0 ) ORDER BY sort asc  [ RunTime:0.001405s ]
SQL: SELECT `id`,`pid`,`title`,`url`,`tip` FROM `mk_menu` WHERE ( `group` = '' ) AND ( `pid` = 68 ) AND ( `hide` = 0 ) ORDER BY sort asc  [ RunTime:0.001662s ]
SQL: SELECT `id`,`pid`,`title`,`url`,`tip` FROM `mk_menu` WHERE ( `group` = '数据备份' ) AND ( `pid` = 68 ) AND ( `hide` = 0 ) ORDER BY sort asc  [ RunTime:0.001234s ]
SQL: SELECT `id`,`title`,`pid`,`sort`,`url`,`hide`,`tip`,`group`,`is_dev` FROM `mk_menu` WHERE ( id=16 ) LIMIT 1   [ RunTime:0.000933s ]
SQL: SELECT `id`,`title` FROM `mk_menu`  [ RunTime:0.001251s ]
SQL: SELECT `id`,`title`,`pid`,`sort`,`url`,`hide`,`tip`,`group`,`is_dev` FROM `mk_menu` WHERE ( `pid` = 16 ) ORDER BY sort asc,id asc  [ RunTime:0.001094s ]
INFO: [ view_parse ] --START--
INFO: [ template_filter ] --START--
INFO: Run Behavior\ContentReplace [ RunTime:0.000160s ]
INFO: [ template_filter ] --END-- [ RunTime:0.000216s ]
INFO: Run Behavior\ParseTemplate [ RunTime:0.016315s ]
INFO: [ view_parse ] --END-- [ RunTime:0.016365s ]
INFO: [ view_filter ] --START--
INFO: Run Behavior\WriteHtmlCache [ RunTime:0.000409s ]
INFO: [ view_filter ] --END-- [ RunTime:0.000443s ]
INFO: [ app_end ] --START--
INFO: Run Behavior\ShowPageTrace [ RunTime:0.001565s ]
INFO: [ app_end ] --END-- [ RunTime:0.001749s ]

[ 2018-05-06T01:41:28+08:00 ] 127.0.0.1 /index.php?s=/Admin/Menu/index/pid/19.html
INFO: [ app_init ] --START--
INFO: Run Common\Behavior\InitHook [ RunTime:0.002012s ]
INFO: [ app_init ] --END-- [ RunTime:0.002344s ]
NOTIC: [2] preg_match(): No ending delimiter '/' found C:\Users\15899\Desktop\market\ThinkPHP\Library\Think\Route.class.php 第 58 行.
INFO: [ app_begin ] --START--
INFO: Run Behavior\ReadHtmlCache [ RunTime:0.001010s ]
INFO: [ app_begin ] --END-- [ RunTime:0.001127s ]
SQL: SHOW COLUMNS FROM `mk_menu` [ RunTime:0.007495s ]
SQL: SELECT * FROM `mk_menu` WHERE ( `pid` = 0 ) AND ( `hide` = 0 ) ORDER BY sort asc  [ RunTime:0.001929s ]
SQL: SELECT `id` FROM `mk_menu` WHERE ( url like '%Menu/index%' ) LIMIT 1   [ RunTime:0.001003s ]
SQL: SHOW COLUMNS FROM `mk_menu` [ RunTime:0.005142s ]
SQL: SELECT `id`,`pid`,`title` FROM `mk_menu` WHERE ( id=75 ) LIMIT 1   [ RunTime:0.002223s ]
SQL: SELECT `id`,`pid`,`title` FROM `mk_menu` WHERE ( id=68 ) LIMIT 1   [ RunTime:0.003404s ]
SQL: SELECT DISTINCT  `group` FROM `mk_menu` WHERE ( pid = 68 )  [ RunTime:0.002276s ]
SQL: SELECT `id`,`url` FROM `mk_menu` WHERE ( `pid` = 68 ) AND ( `hide` = 0 )  [ RunTime:0.001422s ]
SQL: SELECT `id`,`pid`,`title`,`url`,`tip` FROM `mk_menu` WHERE ( `group` = '系统设置' ) AND ( `pid` = 68 ) AND ( `hide` = 0 ) ORDER BY sort asc  [ RunTime:0.000772s ]
SQL: SELECT `id`,`pid`,`title`,`url`,`tip` FROM `mk_menu` WHERE ( `group` = '' ) AND ( `pid` = 68 ) AND ( `hide` = 0 ) ORDER BY sort asc  [ RunTime:0.001052s ]
SQL: SELECT `id`,`pid`,`title`,`url`,`tip` FROM `mk_menu` WHERE ( `group` = '数据备份' ) AND ( `pid` = 68 ) AND ( `hide` = 0 ) ORDER BY sort asc  [ RunTime:0.000967s ]
SQL: SELECT `id`,`title`,`pid`,`sort`,`url`,`hide`,`tip`,`group`,`is_dev` FROM `mk_menu` WHERE ( id=19 ) LIMIT 1   [ RunTime:0.001414s ]
SQL: SELECT `id`,`title` FROM `mk_menu`  [ RunTime:0.001894s ]
SQL: SELECT `id`,`title`,`pid`,`sort`,`url`,`hide`,`tip`,`group`,`is_dev` FROM `mk_menu` WHERE ( `pid` = 19 ) ORDER BY sort asc,id asc  [ RunTime:0.002643s ]
INFO: [ view_parse ] --START--
INFO: [ template_filter ] --START--
INFO: Run Behavior\ContentReplace [ RunTime:0.000212s ]
INFO: [ template_filter ] --END-- [ RunTime:0.000282s ]
INFO: Run Behavior\ParseTemplate [ RunTime:0.018728s ]
INFO: [ view_parse ] --END-- [ RunTime:0.018821s ]
INFO: [ view_filter ] --START--
INFO: Run Behavior\WriteHtmlCache [ RunTime:0.000438s ]
INFO: [ view_filter ] --END-- [ RunTime:0.000475s ]
INFO: [ app_end ] --START--
INFO: Run Behavior\ShowPageTrace [ RunTime:0.000959s ]
INFO: [ app_end ] --END-- [ RunTime:0.001035s ]

[ 2018-05-06T01:41:29+08:00 ] 127.0.0.1 /index.php?s=/Admin/Menu/index/pid/21.html
INFO: [ app_init ] --START--
INFO: Run Common\Behavior\InitHook [ RunTime:0.004185s ]
INFO: [ app_init ] --END-- [ RunTime:0.004884s ]
NOTIC: [2] preg_match(): No ending delimiter '/' found C:\Users\15899\Desktop\market\ThinkPHP\Library\Think\Route.class.php 第 58 行.
INFO: [ app_begin ] --START--
INFO: Run Behavior\ReadHtmlCache [ RunTime:0.000840s ]
INFO: [ app_begin ] --END-- [ RunTime:0.000918s ]
SQL: SHOW COLUMNS FROM `mk_menu` [ RunTime:0.007237s ]
SQL: SELECT * FROM `mk_menu` WHERE ( `pid` = 0 ) AND ( `hide` = 0 ) ORDER BY sort asc  [ RunTime:0.001735s ]
SQL: SELECT `id` FROM `mk_menu` WHERE ( url like '%Menu/index%' ) LIMIT 1   [ RunTime:0.001223s ]
SQL: SHOW COLUMNS FROM `mk_menu` [ RunTime:0.007095s ]
SQL: SELECT `id`,`pid`,`title` FROM `mk_menu` WHERE ( id=75 ) LIMIT 1   [ RunTime:0.000880s ]
SQL: SELECT `id`,`pid`,`title` FROM `mk_menu` WHERE ( id=68 ) LIMIT 1   [ RunTime:0.000745s ]
SQL: SELECT DISTINCT  `group` FROM `mk_menu` WHERE ( pid = 68 )  [ RunTime:0.000865s ]
SQL: SELECT `id`,`url` FROM `mk_menu` WHERE ( `pid` = 68 ) AND ( `hide` = 0 )  [ RunTime:0.000641s ]
SQL: SELECT `id`,`pid`,`title`,`url`,`tip` FROM `mk_menu` WHERE ( `group` = '系统设置' ) AND ( `pid` = 68 ) AND ( `hide` = 0 ) ORDER BY sort asc  [ RunTime:0.000626s ]
SQL: SELECT `id`,`pid`,`title`,`url`,`tip` FROM `mk_menu` WHERE ( `group` = '' ) AND ( `pid` = 68 ) AND ( `hide` = 0 ) ORDER BY sort asc  [ RunTime:0.000594s ]
SQL: SELECT `id`,`pid`,`title`,`url`,`tip` FROM `mk_menu` WHERE ( `group` = '数据备份' ) AND ( `pid` = 68 ) AND ( `hide` = 0 ) ORDER BY sort asc  [ RunTime:0.000614s ]
SQL: SELECT `id`,`title`,`pid`,`sort`,`url`,`hide`,`tip`,`group`,`is_dev` FROM `mk_menu` WHERE ( id=21 ) LIMIT 1   [ RunTime:0.000668s ]
SQL: SELECT `id`,`title` FROM `mk_menu`  [ RunTime:0.001749s ]
SQL: SELECT `id`,`title`,`pid`,`sort`,`url`,`hide`,`tip`,`group`,`is_dev` FROM `mk_menu` WHERE ( `pid` = 21 ) ORDER BY sort asc,id asc  [ RunTime:0.001003s ]
INFO: [ view_parse ] --START--
INFO: [ template_filter ] --START--
INFO: Run Behavior\ContentReplace [ RunTime:0.000169s ]
INFO: [ template_filter ] --END-- [ RunTime:0.000228s ]
INFO: Run Behavior\ParseTemplate [ RunTime:0.017642s ]
INFO: [ view_parse ] --END-- [ RunTime:0.017712s ]
INFO: [ view_filter ] --START--
INFO: Run Behavior\WriteHtmlCache [ RunTime:0.000553s ]
INFO: [ view_filter ] --END-- [ RunTime:0.000593s ]
INFO: [ app_end ] --START--
INFO: Run Behavior\ShowPageTrace [ RunTime:0.001061s ]
INFO: [ app_end ] --END-- [ RunTime:0.001168s ]

[ 2018-05-06T10:02:27+08:00 ] 127.0.0.1 /index.php?s=/Admin/Shop/index.html
INFO: [ app_init ] --START--
INFO: Run Common\Behavior\InitHook [ RunTime:0.003676s ]
INFO: [ app_init ] --END-- [ RunTime:0.007156s ]
NOTIC: [2] preg_match(): No ending delimiter '/' found C:\Users\15899\Desktop\market\ThinkPHP\Library\Think\Route.class.php 第 58 行.
INFO: [ app_begin ] --START--
INFO: Run Behavior\ReadHtmlCache [ RunTime:0.000758s ]
INFO: [ app_begin ] --END-- [ RunTime:0.000807s ]

[ 2018-05-06T10:02:27+08:00 ] 127.0.0.1 /index.php?s=/Admin/Public/login.html
INFO: [ app_init ] --START--
INFO: Run Common\Behavior\InitHook [ RunTime:0.001406s ]
INFO: [ app_init ] --END-- [ RunTime:0.001757s ]
NOTIC: [2] preg_match(): No ending delimiter '/' found C:\Users\15899\Desktop\market\ThinkPHP\Library\Think\Route.class.php 第 58 行.
INFO: [ app_begin ] --START--
INFO: Run Behavior\ReadHtmlCache [ RunTime:0.000598s ]
INFO: [ app_begin ] --END-- [ RunTime:0.000669s ]
INFO: [ view_parse ] --START--
INFO: [ template_filter ] --START--
INFO: Run Behavior\ContentReplace [ RunTime:0.000085s ]
INFO: [ template_filter ] --END-- [ RunTime:0.000194s ]
INFO: Run Behavior\ParseTemplate [ RunTime:0.010884s ]
INFO: [ view_parse ] --END-- [ RunTime:0.010968s ]
INFO: [ view_filter ] --START--
INFO: Run Behavior\WriteHtmlCache [ RunTime:0.000873s ]
INFO: [ view_filter ] --END-- [ RunTime:0.000954s ]
INFO: [ app_end ] --START--
INFO: Run Behavior\ShowPageTrace [ RunTime:0.000875s ]
INFO: [ app_end ] --END-- [ RunTime:0.000914s ]

[ 2018-05-06T10:02:27+08:00 ] 127.0.0.1 /index.php?s=/Admin/Public/verify.html
INFO: [ app_init ] --START--
INFO: Run Common\Behavior\InitHook [ RunTime:0.002000s ]
INFO: [ app_init ] --END-- [ RunTime:0.002452s ]
NOTIC: [2] preg_match(): No ending delimiter '/' found C:\Users\15899\Desktop\market\ThinkPHP\Library\Think\Route.class.php 第 58 行.
INFO: [ app_begin ] --START--
INFO: Run Behavior\ReadHtmlCache [ RunTime:0.000766s ]
INFO: [ app_begin ] --END-- [ RunTime:0.000856s ]
INFO: [ app_end ] --START--
INFO: Run Behavior\ShowPageTrace [ RunTime:0.000702s ]
INFO: [ app_end ] --END-- [ RunTime:0.000759s ]

[ 2018-05-06T10:02:36+08:00 ] 127.0.0.1 /index.php?s=/Admin/Public/login.html
INFO: [ app_init ] --START--
INFO: Run Common\Behavior\InitHook [ RunTime:0.001806s ]
INFO: [ app_init ] --END-- [ RunTime:0.002109s ]
NOTIC: [2] preg_match(): No ending delimiter '/' found C:\Users\15899\Desktop\market\ThinkPHP\Library\Think\Route.class.php 第 58 行.
INFO: [ app_begin ] --START--
INFO: Run Behavior\ReadHtmlCache [ RunTime:0.001465s ]
INFO: [ app_begin ] --END-- [ RunTime:0.001636s ]

[ 2018-05-06T10:02:36+08:00 ] 127.0.0.1 /index.php?s=/Admin/Public/verify.html&random=0.41807640332836127
INFO: [ app_init ] --START--
INFO: Run Common\Behavior\InitHook [ RunTime:0.001269s ]
INFO: [ app_init ] --END-- [ RunTime:0.001514s ]
NOTIC: [2] preg_match(): No ending delimiter '/' found C:\Users\15899\Desktop\market\ThinkPHP\Library\Think\Route.class.php 第 58 行.
INFO: [ app_begin ] --START--
INFO: Run Behavior\ReadHtmlCache [ RunTime:0.000833s ]
INFO: [ app_begin ] --END-- [ RunTime:0.000943s ]
INFO: [ app_end ] --START--
INFO: Run Behavior\ShowPageTrace [ RunTime:0.000644s ]
INFO: [ app_end ] --END-- [ RunTime:0.000691s ]

[ 2018-05-06T10:02:45+08:00 ] 127.0.0.1 /index.php?s=/Admin/Public/login.html
INFO: [ app_init ] --START--
INFO: Run Common\Behavior\InitHook [ RunTime:0.001293s ]
INFO: [ app_init ] --END-- [ RunTime:0.001532s ]
NOTIC: [2] preg_match(): No ending delimiter '/' found C:\Users\15899\Desktop\market\ThinkPHP\Library\Think\Route.class.php 第 58 行.
INFO: [ app_begin ] --START--
INFO: Run Behavior\ReadHtmlCache [ RunTime:0.000506s ]
INFO: [ app_begin ] --END-- [ RunTime:0.000574s ]
SQL: SHOW COLUMNS FROM `mk_ucenter_member` [ RunTime:0.037710s ]
SQL: SELECT * FROM `mk_ucenter_member` WHERE ( `username` = 'qiaoyuok' ) LIMIT 1   [ RunTime:0.003787s ]
SQL: UPDATE `mk_ucenter_member` SET `last_login_time`=1525572165,`last_login_ip`='2130706433' WHERE ( `id` = 1 ) [ RunTime:0.003387s ]
SQL: SHOW COLUMNS FROM `mk_member` [ RunTime:0.022006s ]
SQL: SELECT `uid`,`nickname`,`sex`,`birthday`,`qq`,`score`,`login`,`reg_ip`,`reg_time`,`last_login_ip`,`last_login_time`,`status`,`business_id`,`manager` FROM `mk_member` WHERE ( `uid` = 1 ) LIMIT 1   [ RunTime:0.014552s ]
SQL: SHOW COLUMNS FROM `mk_action` [ RunTime:0.030100s ]
SQL: SELECT * FROM `mk_action` WHERE ( `name` = 'user_login' ) LIMIT 1   [ RunTime:0.002460s ]
SQL: UPDATE `mk_member` SET `login`=`login`+1,`last_login_time`=1525572165,`last_login_ip`='2130706433' WHERE ( `uid` = 1 ) [ RunTime:0.001449s ]

[ 2018-05-06T10:02:45+08:00 ] 127.0.0.1 /index.php?s=/Admin/User/index.html
INFO: [ app_init ] --START--
INFO: Run Common\Behavior\InitHook [ RunTime:0.002255s ]
INFO: [ app_init ] --END-- [ RunTime:0.003010s ]
NOTIC: [2] preg_match(): No ending delimiter '/' found C:\Users\15899\Desktop\market\ThinkPHP\Library\Think\Route.class.php 第 58 行.
INFO: [ app_begin ] --START--
INFO: Run Behavior\ReadHtmlCache [ RunTime:0.000565s ]
INFO: [ app_begin ] --END-- [ RunTime:0.000621s ]
SQL: SHOW COLUMNS FROM `mk_menu` [ RunTime:0.018237s ]
SQL: SELECT * FROM `mk_menu` WHERE ( `pid` = 0 ) AND ( `hide` = 0 ) ORDER BY sort asc  [ RunTime:0.020554s ]
SQL: SELECT `id` FROM `mk_menu` WHERE ( url like '%User/index%' ) LIMIT 1   [ RunTime:0.002386s ]
SQL: SHOW COLUMNS FROM `mk_menu` [ RunTime:0.003914s ]
SQL: SELECT `id`,`pid`,`title` FROM `mk_menu` WHERE ( id=16 ) LIMIT 1   [ RunTime:0.000503s ]
SQL: SELECT DISTINCT  `group` FROM `mk_menu` WHERE ( pid = 16 )  [ RunTime:0.001067s ]
SQL: SELECT `id`,`url` FROM `mk_menu` WHERE ( `pid` = 16 ) AND ( `hide` = 0 )  [ RunTime:0.000389s ]
SQL: SELECT `id`,`pid`,`title`,`url`,`tip` FROM `mk_menu` WHERE ( `group` = '用户管理' ) AND ( `pid` = 16 ) AND ( `hide` = 0 ) ORDER BY sort asc  [ RunTime:0.000409s ]
SQL: SELECT `id`,`pid`,`title`,`url`,`tip` FROM `mk_menu` WHERE ( `group` = '行为管理' ) AND ( `pid` = 16 ) AND ( `hide` = 0 ) ORDER BY sort asc  [ RunTime:0.000419s ]
SQL: SELECT `id`,`pid`,`title`,`url`,`tip` FROM `mk_menu` WHERE ( `group` = '' ) AND ( `pid` = 16 ) AND ( `hide` = 0 ) ORDER BY sort asc  [ RunTime:0.000395s ]
SQL: SHOW COLUMNS FROM `mk_member` [ RunTime:0.002954s ]
SQL: SHOW COLUMNS FROM `mk_auth_group_access` [ RunTime:0.013079s ]
SQL: SELECT * FROM `mk_auth_group_access` WHERE ( group_id = 1 )  [ RunTime:0.000534s ]
SQL: SHOW COLUMNS FROM `mk_member` [ RunTime:0.003349s ]
SQL: SELECT COUNT(*) AS tp_count FROM mk_member m,mk_business b WHERE ( m.status>=0 and m.business_id = b.business_id and b.business_id>1 ) LIMIT 1   [ RunTime:0.039889s ]
SQL: SHOW COLUMNS FROM `mk_member` [ RunTime:0.003678s ]
SQL: SELECT m.*,b.business_name,b.business_address FROM mk_member m,mk_business b WHERE ( m.status>=0 and m.business_id = b.business_id and b.business_id>1 ) ORDER BY m.uid asc LIMIT 0,10   [ RunTime:0.000863s ]
INFO: [ view_parse ] --START--
INFO: [ template_filter ] --START--
INFO: Run Behavior\ContentReplace [ RunTime:0.000185s ]
INFO: [ template_filter ] --END-- [ RunTime:0.000236s ]
NOTIC: [8] Undefined variable: meta_title C:\Users\15899\Desktop\market\Runtime\Cache\Admin\65e605872ed5d34210f5b33beb13f5a3.php 第 5 行.
NOTIC: [8] Undefined variable: status C:\Users\15899\Desktop\market\Runtime\Cache\Admin\65e605872ed5d34210f5b33beb13f5a3.php 第 279 行.
INFO: Run Behavior\ParseTemplate [ RunTime:0.033593s ]
INFO: [ view_parse ] --END-- [ RunTime:0.033659s ]
INFO: [ view_filter ] --START--
INFO: Run Behavior\WriteHtmlCache [ RunTime:0.000452s ]
INFO: [ view_filter ] --END-- [ RunTime:0.000501s ]
INFO: [ app_end ] --START--
INFO: Run Behavior\ShowPageTrace [ RunTime:0.000660s ]
INFO: [ app_end ] --END-- [ RunTime:0.000735s ]

[ 2018-05-06T10:02:47+08:00 ] 127.0.0.1 /index.php?s=/Admin/Config/group.html
INFO: [ app_init ] --START--
INFO: Run Common\Behavior\InitHook [ RunTime:0.001414s ]
INFO: [ app_init ] --END-- [ RunTime:0.001731s ]
NOTIC: [2] preg_match(): No ending delimiter '/' found C:\Users\15899\Desktop\market\ThinkPHP\Library\Think\Route.class.php 第 58 行.
INFO: [ app_begin ] --START--
INFO: Run Behavior\ReadHtmlCache [ RunTime:0.000501s ]
INFO: [ app_begin ] --END-- [ RunTime:0.000547s ]
SQL: SHOW COLUMNS FROM `mk_menu` [ RunTime:0.006119s ]
SQL: SELECT * FROM `mk_menu` WHERE ( `pid` = 0 ) AND ( `hide` = 0 ) ORDER BY sort asc  [ RunTime:0.001259s ]
SQL: SELECT `id` FROM `mk_menu` WHERE ( url like '%Config/group%' ) LIMIT 1   [ RunTime:0.000571s ]
SQL: SHOW COLUMNS FROM `mk_menu` [ RunTime:0.004259s ]
SQL: SELECT `id`,`pid`,`title` FROM `mk_menu` WHERE ( id=68 ) LIMIT 1   [ RunTime:0.000857s ]
SQL: SELECT DISTINCT  `group` FROM `mk_menu` WHERE ( pid = 68 )  [ RunTime:0.000709s ]
SQL: SELECT `id`,`url` FROM `mk_menu` WHERE ( `pid` = 68 ) AND ( `hide` = 0 )  [ RunTime:0.000503s ]
SQL: SELECT `id`,`pid`,`title`,`url`,`tip` FROM `mk_menu` WHERE ( `group` = '系统设置' ) AND ( `pid` = 68 ) AND ( `hide` = 0 ) ORDER BY sort asc  [ RunTime:0.000518s ]
SQL: SELECT `id`,`pid`,`title`,`url`,`tip` FROM `mk_menu` WHERE ( `group` = '' ) AND ( `pid` = 68 ) AND ( `hide` = 0 ) ORDER BY sort asc  [ RunTime:0.000569s ]
SQL: SELECT `id`,`pid`,`title`,`url`,`tip` FROM `mk_menu` WHERE ( `group` = '数据备份' ) AND ( `pid` = 68 ) AND ( `hide` = 0 ) ORDER BY sort asc  [ RunTime:0.000507s ]
SQL: SHOW COLUMNS FROM `mk_config` [ RunTime:0.111756s ]
SQL: SELECT `id`,`name`,`title`,`extra`,`value`,`remark`,`type` FROM `mk_config` WHERE ( `status` = 1 ) AND ( `group` = 1 ) ORDER BY sort  [ RunTime:0.001280s ]
INFO: [ view_parse ] --START--
INFO: [ template_filter ] --START--
INFO: Run Behavior\ContentReplace [ RunTime:0.000497s ]
INFO: [ template_filter ] --END-- [ RunTime:0.000656s ]
INFO: Run Behavior\ParseTemplate [ RunTime:0.028049s ]
INFO: [ view_parse ] --END-- [ RunTime:0.028161s ]
INFO: [ view_filter ] --START--
INFO: Run Behavior\WriteHtmlCache [ RunTime:0.000963s ]
INFO: [ view_filter ] --END-- [ RunTime:0.001092s ]
INFO: [ app_end ] --START--
INFO: Run Behavior\ShowPageTrace [ RunTime:0.002415s ]
INFO: [ app_end ] --END-- [ RunTime:0.002622s ]

[ 2018-05-06T10:02:50+08:00 ] 127.0.0.1 /index.php?s=/Admin/Menu/index.html
INFO: [ app_init ] --START--
INFO: Run Common\Behavior\InitHook [ RunTime:0.001205s ]
INFO: [ app_init ] --END-- [ RunTime:0.001443s ]
NOTIC: [2] preg_match(): No ending delimiter '/' found C:\Users\15899\Desktop\market\ThinkPHP\Library\Think\Route.class.php 第 58 行.
INFO: [ app_begin ] --START--
INFO: Run Behavior\ReadHtmlCache [ RunTime:0.000385s ]
INFO: [ app_begin ] --END-- [ RunTime:0.000422s ]
SQL: SHOW COLUMNS FROM `mk_menu` [ RunTime:0.004979s ]
SQL: SELECT * FROM `mk_menu` WHERE ( `pid` = 0 ) AND ( `hide` = 0 ) ORDER BY sort asc  [ RunTime:0.000778s ]
SQL: SELECT `id` FROM `mk_menu` WHERE ( url like '%Menu/index%' ) LIMIT 1   [ RunTime:0.000476s ]
SQL: SHOW COLUMNS FROM `mk_menu` [ RunTime:0.003432s ]
SQL: SELECT `id`,`pid`,`title` FROM `mk_menu` WHERE ( id=75 ) LIMIT 1   [ RunTime:0.000489s ]
SQL: SELECT `id`,`pid`,`title` FROM `mk_menu` WHERE ( id=68 ) LIMIT 1   [ RunTime:0.000551s ]
SQL: SELECT DISTINCT  `group` FROM `mk_menu` WHERE ( pid = 68 )  [ RunTime:0.001079s ]
SQL: SELECT `id`,`url` FROM `mk_menu` WHERE ( `pid` = 68 ) AND ( `hide` = 0 )  [ RunTime:0.000521s ]
SQL: SELECT `id`,`pid`,`title`,`url`,`tip` FROM `mk_menu` WHERE ( `group` = '系统设置' ) AND ( `pid` = 68 ) AND ( `hide` = 0 ) ORDER BY sort asc  [ RunTime:0.000497s ]
SQL: SELECT `id`,`pid`,`title`,`url`,`tip` FROM `mk_menu` WHERE ( `group` = '' ) AND ( `pid` = 68 ) AND ( `hide` = 0 ) ORDER BY sort asc  [ RunTime:0.000523s ]
SQL: SELECT `id`,`pid`,`title`,`url`,`tip` FROM `mk_menu` WHERE ( `group` = '数据备份' ) AND ( `pid` = 68 ) AND ( `hide` = 0 ) ORDER BY sort asc  [ RunTime:0.000531s ]
SQL: SELECT `id`,`title` FROM `mk_menu`  [ RunTime:0.000735s ]
SQL: SELECT `id`,`title`,`pid`,`sort`,`url`,`hide`,`tip`,`group`,`is_dev` FROM `mk_menu` WHERE ( `pid` = 0 ) ORDER BY sort asc,id asc  [ RunTime:0.000651s ]
INFO: [ view_parse ] --START--
INFO: [ template_filter ] --START--
INFO: Run Behavior\ContentReplace [ RunTime:0.000303s ]
INFO: [ template_filter ] --END-- [ RunTime:0.000384s ]
INFO: Run Behavior\ParseTemplate [ RunTime:0.025365s ]
INFO: [ view_parse ] --END-- [ RunTime:0.025437s ]
INFO: [ view_filter ] --START--
INFO: Run Behavior\WriteHtmlCache [ RunTime:0.000518s ]
INFO: [ view_filter ] --END-- [ RunTime:0.000583s ]
INFO: [ app_end ] --START--
INFO: Run Behavior\ShowPageTrace [ RunTime:0.001163s ]
INFO: [ app_end ] --END-- [ RunTime:0.001259s ]

[ 2018-05-06T10:02:52+08:00 ] 127.0.0.1 /index.php?s=/Admin/Menu/index/pid/16.html
INFO: [ app_init ] --START--
INFO: Run Common\Behavior\InitHook [ RunTime:0.001666s ]
INFO: [ app_init ] --END-- [ RunTime:0.002013s ]
NOTIC: [2] preg_match(): No ending delimiter '/' found C:\Users\15899\Desktop\market\ThinkPHP\Library\Think\Route.class.php 第 58 行.
INFO: [ app_begin ] --START--
INFO: Run Behavior\ReadHtmlCache [ RunTime:0.000493s ]
INFO: [ app_begin ] --END-- [ RunTime:0.000540s ]
SQL: SHOW COLUMNS FROM `mk_menu` [ RunTime:0.004000s ]
SQL: SELECT * FROM `mk_menu` WHERE ( `pid` = 0 ) AND ( `hide` = 0 ) ORDER BY sort asc  [ RunTime:0.000910s ]
SQL: SELECT `id` FROM `mk_menu` WHERE ( url like '%Menu/index%' ) LIMIT 1   [ RunTime:0.000669s ]
SQL: SHOW COLUMNS FROM `mk_menu` [ RunTime:0.005145s ]
SQL: SELECT `id`,`pid`,`title` FROM `mk_menu` WHERE ( id=75 ) LIMIT 1   [ RunTime:0.000503s ]
SQL: SELECT `id`,`pid`,`title` FROM `mk_menu` WHERE ( id=68 ) LIMIT 1   [ RunTime:0.000562s ]
SQL: SELECT DISTINCT  `group` FROM `mk_menu` WHERE ( pid = 68 )  [ RunTime:0.000557s ]
SQL: SELECT `id`,`url` FROM `mk_menu` WHERE ( `pid` = 68 ) AND ( `hide` = 0 )  [ RunTime:0.000518s ]
SQL: SELECT `id`,`pid`,`title`,`url`,`tip` FROM `mk_menu` WHERE ( `group` = '系统设置' ) AND ( `pid` = 68 ) AND ( `hide` = 0 ) ORDER BY sort asc  [ RunTime:0.000522s ]
SQL: SELECT `id`,`pid`,`title`,`url`,`tip` FROM `mk_menu` WHERE ( `group` = '' ) AND ( `pid` = 68 ) AND ( `hide` = 0 ) ORDER BY sort asc  [ RunTime:0.000544s ]
SQL: SELECT `id`,`pid`,`title`,`url`,`tip` FROM `mk_menu` WHERE ( `group` = '数据备份' ) AND ( `pid` = 68 ) AND ( `hide` = 0 ) ORDER BY sort asc  [ RunTime:0.000469s ]
SQL: SELECT `id`,`title`,`pid`,`sort`,`url`,`hide`,`tip`,`group`,`is_dev` FROM `mk_menu` WHERE ( id=16 ) LIMIT 1   [ RunTime:0.000500s ]
SQL: SELECT `id`,`title` FROM `mk_menu`  [ RunTime:0.000721s ]
SQL: SELECT `id`,`title`,`pid`,`sort`,`url`,`hide`,`tip`,`group`,`is_dev` FROM `mk_menu` WHERE ( `pid` = 16 ) ORDER BY sort asc,id asc  [ RunTime:0.000810s ]
INFO: [ view_parse ] --START--
INFO: [ template_filter ] --START--
INFO: Run Behavior\ContentReplace [ RunTime:0.000151s ]
INFO: [ template_filter ] --END-- [ RunTime:0.000193s ]
INFO: Run Behavior\ParseTemplate [ RunTime:0.012997s ]
INFO: [ view_parse ] --END-- [ RunTime:0.013052s ]
INFO: [ view_filter ] --START--
INFO: Run Behavior\WriteHtmlCache [ RunTime:0.000297s ]
INFO: [ view_filter ] --END-- [ RunTime:0.000328s ]
INFO: [ app_end ] --START--
INFO: Run Behavior\ShowPageTrace [ RunTime:0.000712s ]
INFO: [ app_end ] --END-- [ RunTime:0.000765s ]

[ 2018-05-06T10:02:54+08:00 ] 127.0.0.1 /index.php?s=/Admin/Menu/index/pid/19.html
INFO: [ app_init ] --START--
INFO: Run Common\Behavior\InitHook [ RunTime:0.001251s ]
INFO: [ app_init ] --END-- [ RunTime:0.001561s ]
NOTIC: [2] preg_match(): No ending delimiter '/' found C:\Users\15899\Desktop\market\ThinkPHP\Library\Think\Route.class.php 第 58 行.
INFO: [ app_begin ] --START--
INFO: Run Behavior\ReadHtmlCache [ RunTime:0.000459s ]
INFO: [ app_begin ] --END-- [ RunTime:0.000496s ]
SQL: SHOW COLUMNS FROM `mk_menu` [ RunTime:0.005056s ]
SQL: SELECT * FROM `mk_menu` WHERE ( `pid` = 0 ) AND ( `hide` = 0 ) ORDER BY sort asc  [ RunTime:0.000731s ]
SQL: SELECT `id` FROM `mk_menu` WHERE ( url like '%Menu/index%' ) LIMIT 1   [ RunTime:0.000491s ]
SQL: SHOW COLUMNS FROM `mk_menu` [ RunTime:0.004677s ]
SQL: SELECT `id`,`pid`,`title` FROM `mk_menu` WHERE ( id=75 ) LIMIT 1   [ RunTime:0.000536s ]
SQL: SELECT `id`,`pid`,`title` FROM `mk_menu` WHERE ( id=68 ) LIMIT 1   [ RunTime:0.000470s ]
SQL: SELECT DISTINCT  `group` FROM `mk_menu` WHERE ( pid = 68 )  [ RunTime:0.000548s ]
SQL: SELECT `id`,`url` FROM `mk_menu` WHERE ( `pid` = 68 ) AND ( `hide` = 0 )  [ RunTime:0.000472s ]
SQL: SELECT `id`,`pid`,`title`,`url`,`tip` FROM `mk_menu` WHERE ( `group` = '系统设置' ) AND ( `pid` = 68 ) AND ( `hide` = 0 ) ORDER BY sort asc  [ RunTime:0.000514s ]
SQL: SELECT `id`,`pid`,`title`,`url`,`tip` FROM `mk_menu` WHERE ( `group` = '' ) AND ( `pid` = 68 ) AND ( `hide` = 0 ) ORDER BY sort asc  [ RunTime:0.000478s ]
SQL: SELECT `id`,`pid`,`title`,`url`,`tip` FROM `mk_menu` WHERE ( `group` = '数据备份' ) AND ( `pid` = 68 ) AND ( `hide` = 0 ) ORDER BY sort asc  [ RunTime:0.000540s ]
SQL: SELECT `id`,`title`,`pid`,`sort`,`url`,`hide`,`tip`,`group`,`is_dev` FROM `mk_menu` WHERE ( id=19 ) LIMIT 1   [ RunTime:0.000488s ]
SQL: SELECT `id`,`title` FROM `mk_menu`  [ RunTime:0.000688s ]
SQL: SELECT `id`,`title`,`pid`,`sort`,`url`,`hide`,`tip`,`group`,`is_dev` FROM `mk_menu` WHERE ( `pid` = 19 ) ORDER BY sort asc,id asc  [ RunTime:0.000568s ]
INFO: [ view_parse ] --START--
INFO: [ template_filter ] --START--
INFO: Run Behavior\ContentReplace [ RunTime:0.000147s ]
INFO: [ template_filter ] --END-- [ RunTime:0.000210s ]
INFO: Run Behavior\ParseTemplate [ RunTime:0.013233s ]
INFO: [ view_parse ] --END-- [ RunTime:0.013292s ]
INFO: [ view_filter ] --START--
INFO: Run Behavior\WriteHtmlCache [ RunTime:0.000527s ]
INFO: [ view_filter ] --END-- [ RunTime:0.000564s ]
INFO: [ app_end ] --START--
INFO: Run Behavior\ShowPageTrace [ RunTime:0.000678s ]
INFO: [ app_end ] --END-- [ RunTime:0.000768s ]

[ 2018-05-06T10:03:02+08:00 ] 127.0.0.1 /index.php?s=/Admin/Menu/index.html
INFO: [ app_init ] --START--
INFO: Run Common\Behavior\InitHook [ RunTime:0.001491s ]
INFO: [ app_init ] --END-- [ RunTime:0.001941s ]
NOTIC: [2] preg_match(): No ending delimiter '/' found C:\Users\15899\Desktop\market\ThinkPHP\Library\Think\Route.class.php 第 58 行.
INFO: [ app_begin ] --START--
INFO: Run Behavior\ReadHtmlCache [ RunTime:0.000398s ]
INFO: [ app_begin ] --END-- [ RunTime:0.000439s ]
SQL: SHOW COLUMNS FROM `mk_menu` [ RunTime:0.004850s ]
SQL: SELECT * FROM `mk_menu` WHERE ( `pid` = 0 ) AND ( `hide` = 0 ) ORDER BY sort asc  [ RunTime:0.000481s ]
SQL: SELECT `id` FROM `mk_menu` WHERE ( url like '%Menu/index%' ) LIMIT 1   [ RunTime:0.000297s ]
SQL: SHOW COLUMNS FROM `mk_menu` [ RunTime:0.002915s ]
SQL: SELECT `id`,`pid`,`title` FROM `mk_menu` WHERE ( id=75 ) LIMIT 1   [ RunTime:0.000594s ]
SQL: SELECT `id`,`pid`,`title` FROM `mk_menu` WHERE ( id=68 ) LIMIT 1   [ RunTime:0.000388s ]
SQL: SELECT DISTINCT  `group` FROM `mk_menu` WHERE ( pid = 68 )  [ RunTime:0.000869s ]
SQL: SELECT `id`,`url` FROM `mk_menu` WHERE ( `pid` = 68 ) AND ( `hide` = 0 )  [ RunTime:0.000322s ]
SQL: SELECT `id`,`pid`,`title`,`url`,`tip` FROM `mk_menu` WHERE ( `group` = '系统设置' ) AND ( `pid` = 68 ) AND ( `hide` = 0 ) ORDER BY sort asc  [ RunTime:0.000373s ]
SQL: SELECT `id`,`pid`,`title`,`url`,`tip` FROM `mk_menu` WHERE ( `group` = '' ) AND ( `pid` = 68 ) AND ( `hide` = 0 ) ORDER BY sort asc  [ RunTime:0.000323s ]
SQL: SELECT `id`,`pid`,`title`,`url`,`tip` FROM `mk_menu` WHERE ( `group` = '数据备份' ) AND ( `pid` = 68 ) AND ( `hide` = 0 ) ORDER BY sort asc  [ RunTime:0.000390s ]
SQL: SELECT `id`,`title` FROM `mk_menu`  [ RunTime:0.000516s ]
SQL: SELECT `id`,`title`,`pid`,`sort`,`url`,`hide`,`tip`,`group`,`is_dev` FROM `mk_menu` WHERE ( `pid` = 0 ) ORDER BY sort asc,id asc  [ RunTime:0.000442s ]
INFO: [ view_parse ] --START--
INFO: [ template_filter ] --START--
INFO: Run Behavior\ContentReplace [ RunTime:0.000140s ]
INFO: [ template_filter ] --END-- [ RunTime:0.000178s ]
INFO: Run Behavior\ParseTemplate [ RunTime:0.014806s ]
INFO: [ view_parse ] --END-- [ RunTime:0.014857s ]
INFO: [ view_filter ] --START--
INFO: Run Behavior\WriteHtmlCache [ RunTime:0.000318s ]
INFO: [ view_filter ] --END-- [ RunTime:0.000371s ]
INFO: [ app_end ] --START--
INFO: Run Behavior\ShowPageTrace [ RunTime:0.000747s ]
INFO: [ app_end ] --END-- [ RunTime:0.000850s ]

[ 2018-05-06T18:03:09+08:00 ] 127.0.0.1 /
INFO: [ app_init ] --START--
INFO: Run Common\Behavior\InitHook [ RunTime:0.001968s ]
INFO: [ app_init ] --END-- [ RunTime:0.002364s ]
INFO: [ app_begin ] --START--
INFO: Run Behavior\ReadHtmlCache [ RunTime:0.000643s ]
INFO: [ app_begin ] --END-- [ RunTime:0.000705s ]

[ 2018-05-06T18:03:09+08:00 ] 127.0.0.1 /index.php?s=/Admin/Public/login.html
INFO: [ app_init ] --START--
INFO: Run Common\Behavior\InitHook [ RunTime:0.001547s ]
INFO: [ app_init ] --END-- [ RunTime:0.001862s ]
NOTIC: [2] preg_match(): No ending delimiter '/' found C:\Users\15899\Desktop\market\ThinkPHP\Library\Think\Route.class.php 第 58 行.
INFO: [ app_begin ] --START--
INFO: Run Behavior\ReadHtmlCache [ RunTime:0.000817s ]
INFO: [ app_begin ] --END-- [ RunTime:0.000891s ]
INFO: [ view_parse ] --START--
INFO: [ template_filter ] --START--
INFO: Run Behavior\ContentReplace [ RunTime:0.000084s ]
INFO: [ template_filter ] --END-- [ RunTime:0.000157s ]
INFO: Run Behavior\ParseTemplate [ RunTime:0.007503s ]
INFO: [ view_parse ] --END-- [ RunTime:0.007567s ]
INFO: [ view_filter ] --START--
INFO: Run Behavior\WriteHtmlCache [ RunTime:0.000474s ]
INFO: [ view_filter ] --END-- [ RunTime:0.000511s ]
INFO: [ app_end ] --START--
INFO: Run Behavior\ShowPageTrace [ RunTime:0.000603s ]
INFO: [ app_end ] --END-- [ RunTime:0.000653s ]

[ 2018-05-06T18:03:09+08:00 ] 127.0.0.1 /index.php?s=/Admin/Public/verify.html
INFO: [ app_init ] --START--
INFO: Run Common\Behavior\InitHook [ RunTime:0.003473s ]
INFO: [ app_init ] --END-- [ RunTime:0.003850s ]
NOTIC: [2] preg_match(): No ending delimiter '/' found C:\Users\15899\Desktop\market\ThinkPHP\Library\Think\Route.class.php 第 58 行.
INFO: [ app_begin ] --START--
INFO: Run Behavior\ReadHtmlCache [ RunTime:0.000746s ]
INFO: [ app_begin ] --END-- [ RunTime:0.000825s ]
INFO: [ app_end ] --START--
INFO: Run Behavior\ShowPageTrace [ RunTime:0.001097s ]
INFO: [ app_end ] --END-- [ RunTime:0.001230s ]

[ 2018-05-06T18:03:11+08:00 ] 127.0.0.1 /index.php?s=/Admin/Public/login.html
INFO: [ app_init ] --START--
INFO: Run Common\Behavior\InitHook [ RunTime:0.001302s ]
INFO: [ app_init ] --END-- [ RunTime:0.001660s ]
NOTIC: [2] preg_match(): No ending delimiter '/' found C:\Users\15899\Desktop\market\ThinkPHP\Library\Think\Route.class.php 第 58 行.
INFO: [ app_begin ] --START--
INFO: Run Behavior\ReadHtmlCache [ RunTime:0.000457s ]
INFO: [ app_begin ] --END-- [ RunTime:0.000497s ]
INFO: [ view_parse ] --START--
INFO: [ template_filter ] --START--
INFO: Run Behavior\ContentReplace [ RunTime:0.000176s ]
INFO: [ template_filter ] --END-- [ RunTime:0.000357s ]
INFO: Run Behavior\ParseTemplate [ RunTime:0.009459s ]
INFO: [ view_parse ] --END-- [ RunTime:0.009590s ]
INFO: [ view_filter ] --START--
INFO: Run Behavior\WriteHtmlCache [ RunTime:0.000574s ]
INFO: [ view_filter ] --END-- [ RunTime:0.000615s ]
INFO: [ app_end ] --START--
INFO: Run Behavior\ShowPageTrace [ RunTime:0.000603s ]
INFO: [ app_end ] --END-- [ RunTime:0.000661s ]

[ 2018-05-06T18:03:11+08:00 ] 127.0.0.1 /index.php?s=/Admin/Public/verify.html
INFO: [ app_init ] --START--
INFO: Run Common\Behavior\InitHook [ RunTime:0.001772s ]
INFO: [ app_init ] --END-- [ RunTime:0.002111s ]
NOTIC: [2] preg_match(): No ending delimiter '/' found C:\Users\15899\Desktop\market\ThinkPHP\Library\Think\Route.class.php 第 58 行.
INFO: [ app_begin ] --START--
INFO: Run Behavior\ReadHtmlCache [ RunTime:0.000826s ]
INFO: [ app_begin ] --END-- [ RunTime:0.000929s ]
INFO: [ app_end ] --START--
INFO: Run Behavior\ShowPageTrace [ RunTime:0.000747s ]
INFO: [ app_end ] --END-- [ RunTime:0.000815s ]

[ 2018-05-06T18:03:12+08:00 ] 127.0.0.1 /index.php?s=/Admin/Public/login.html
INFO: [ app_init ] --START--
INFO: Run Common\Behavior\InitHook [ RunTime:0.001768s ]
INFO: [ app_init ] --END-- [ RunTime:0.002115s ]
NOTIC: [2] preg_match(): No ending delimiter '/' found C:\Users\15899\Desktop\market\ThinkPHP\Library\Think\Route.class.php 第 58 行.
INFO: [ app_begin ] --START--
INFO: Run Behavior\ReadHtmlCache [ RunTime:0.000665s ]
INFO: [ app_begin ] --END-- [ RunTime:0.000726s ]
INFO: [ view_parse ] --START--
INFO: [ template_filter ] --START--
INFO: Run Behavior\ContentReplace [ RunTime:0.000069s ]
INFO: [ template_filter ] --END-- [ RunTime:0.000151s ]
INFO: Run Behavior\ParseTemplate [ RunTime:0.007603s ]
INFO: [ view_parse ] --END-- [ RunTime:0.007679s ]
INFO: [ view_filter ] --START--
INFO: Run Behavior\WriteHtmlCache [ RunTime:0.000661s ]
INFO: [ view_filter ] --END-- [ RunTime:0.000715s ]
INFO: [ app_end ] --START--
INFO: Run Behavior\ShowPageTrace [ RunTime:0.000777s ]
INFO: [ app_end ] --END-- [ RunTime:0.000831s ]

[ 2018-05-06T18:03:12+08:00 ] 127.0.0.1 /index.php?s=/Admin/Public/verify.html
INFO: [ app_init ] --START--
INFO: Run Common\Behavior\InitHook [ RunTime:0.001380s ]
INFO: [ app_init ] --END-- [ RunTime:0.001688s ]
NOTIC: [2] preg_match(): No ending delimiter '/' found C:\Users\15899\Desktop\market\ThinkPHP\Library\Think\Route.class.php 第 58 行.
INFO: [ app_begin ] --START--
INFO: Run Behavior\ReadHtmlCache [ RunTime:0.000487s ]
INFO: [ app_begin ] --END-- [ RunTime:0.000526s ]
INFO: [ app_end ] --START--
INFO: Run Behavior\ShowPageTrace [ RunTime:0.000650s ]
INFO: [ app_end ] --END-- [ RunTime:0.000719s ]

[ 2018-05-06T18:03:12+08:00 ] 127.0.0.1 /index.php?s=/Admin/Public/login.html
INFO: [ app_init ] --START--
INFO: Run Common\Behavior\InitHook [ RunTime:0.001235s ]
INFO: [ app_init ] --END-- [ RunTime:0.001526s ]
NOTIC: [2] preg_match(): No ending delimiter '/' found C:\Users\15899\Desktop\market\ThinkPHP\Library\Think\Route.class.php 第 58 行.
INFO: [ app_begin ] --START--
INFO: Run Behavior\ReadHtmlCache [ RunTime:0.000425s ]
INFO: [ app_begin ] --END-- [ RunTime:0.000463s ]
INFO: [ view_parse ] --START--
INFO: [ template_filter ] --START--
INFO: Run Behavior\ContentReplace [ RunTime:0.000103s ]
INFO: [ template_filter ] --END-- [ RunTime:0.000166s ]
INFO: Run Behavior\ParseTemplate [ RunTime:0.007335s ]
INFO: [ view_parse ] --END-- [ RunTime:0.007380s ]
INFO: [ view_filter ] --START--
INFO: Run Behavior\WriteHtmlCache [ RunTime:0.000386s ]
INFO: [ view_filter ] --END-- [ RunTime:0.000438s ]
INFO: [ app_end ] --START--
INFO: Run Behavior\ShowPageTrace [ RunTime:0.000674s ]
INFO: [ app_end ] --END-- [ RunTime:0.000726s ]

[ 2018-05-06T18:03:12+08:00 ] 127.0.0.1 /index.php?s=/Admin/Public/verify.html
INFO: [ app_init ] --START--
INFO: Run Common\Behavior\InitHook [ RunTime:0.001601s ]
INFO: [ app_init ] --END-- [ RunTime:0.001961s ]
NOTIC: [2] preg_match(): No ending delimiter '/' found C:\Users\15899\Desktop\market\ThinkPHP\Library\Think\Route.class.php 第 58 行.
INFO: [ app_begin ] --START--
INFO: Run Behavior\ReadHtmlCache [ RunTime:0.000409s ]
INFO: [ app_begin ] --END-- [ RunTime:0.000463s ]
INFO: [ app_end ] --START--
INFO: Run Behavior\ShowPageTrace [ RunTime:0.000889s ]
INFO: [ app_end ] --END-- [ RunTime:0.001083s ]

[ 2018-05-06T18:03:12+08:00 ] 127.0.0.1 /index.php?s=/Admin/Public/login.html
INFO: [ app_init ] --START--
INFO: Run Common\Behavior\InitHook [ RunTime:0.001680s ]
INFO: [ app_init ] --END-- [ RunTime:0.001996s ]
NOTIC: [2] preg_match(): No ending delimiter '/' found C:\Users\15899\Desktop\market\ThinkPHP\Library\Think\Route.class.php 第 58 行.
INFO: [ app_begin ] --START--
INFO: Run Behavior\ReadHtmlCache [ RunTime:0.000429s ]
INFO: [ app_begin ] --END-- [ RunTime:0.000467s ]
INFO: [ view_parse ] --START--
INFO: [ template_filter ] --START--
INFO: Run Behavior\ContentReplace [ RunTime:0.000055s ]
INFO: [ template_filter ] --END-- [ RunTime:0.000091s ]
INFO: Run Behavior\ParseTemplate [ RunTime:0.005179s ]
INFO: [ view_parse ] --END-- [ RunTime:0.005231s ]
INFO: [ view_filter ] --START--
INFO: Run Behavior\WriteHtmlCache [ RunTime:0.000524s ]
INFO: [ view_filter ] --END-- [ RunTime:0.000570s ]
INFO: [ app_end ] --START--
INFO: Run Behavior\ShowPageTrace [ RunTime:0.000798s ]
INFO: [ app_end ] --END-- [ RunTime:0.000878s ]

[ 2018-05-06T18:03:12+08:00 ] 127.0.0.1 /index.php?s=/Admin/Public/verify.html
INFO: [ app_init ] --START--
INFO: Run Common\Behavior\InitHook [ RunTime:0.002141s ]
INFO: [ app_init ] --END-- [ RunTime:0.002650s ]
NOTIC: [2] preg_match(): No ending delimiter '/' found C:\Users\15899\Desktop\market\ThinkPHP\Library\Think\Route.class.php 第 58 行.
INFO: [ app_begin ] --START--
INFO: Run Behavior\ReadHtmlCache [ RunTime:0.000986s ]
INFO: [ app_begin ] --END-- [ RunTime:0.001156s ]
INFO: [ app_end ] --START--
INFO: Run Behavior\ShowPageTrace [ RunTime:0.000898s ]
INFO: [ app_end ] --END-- [ RunTime:0.000973s ]

[ 2018-05-06T18:03:12+08:00 ] 127.0.0.1 /index.php?s=/Admin/Public/login.html
INFO: [ app_init ] --START--
INFO: Run Common\Behavior\InitHook [ RunTime:0.001634s ]
INFO: [ app_init ] --END-- [ RunTime:0.002063s ]
NOTIC: [2] preg_match(): No ending delimiter '/' found C:\Users\15899\Desktop\market\ThinkPHP\Library\Think\Route.class.php 第 58 行.
INFO: [ app_begin ] --START--
INFO: Run Behavior\ReadHtmlCache [ RunTime:0.000607s ]
INFO: [ app_begin ] --END-- [ RunTime:0.000671s ]
INFO: [ view_parse ] --START--
INFO: [ template_filter ] --START--
INFO: Run Behavior\ContentReplace [ RunTime:0.000074s ]
INFO: [ template_filter ] --END-- [ RunTime:0.000143s ]
INFO: Run Behavior\ParseTemplate [ RunTime:0.006213s ]
INFO: [ view_parse ] --END-- [ RunTime:0.006337s ]
INFO: [ view_filter ] --START--
INFO: Run Behavior\WriteHtmlCache [ RunTime:0.000383s ]
INFO: [ view_filter ] --END-- [ RunTime:0.000441s ]
INFO: [ app_end ] --START--
INFO: Run Behavior\ShowPageTrace [ RunTime:0.000663s ]
INFO: [ app_end ] --END-- [ RunTime:0.000755s ]

[ 2018-05-06T18:03:12+08:00 ] 127.0.0.1 /index.php?s=/Admin/Public/verify.html
INFO: [ app_init ] --START--
INFO: Run Common\Behavior\InitHook [ RunTime:0.002268s ]
INFO: [ app_init ] --END-- [ RunTime:0.002864s ]
NOTIC: [2] preg_match(): No ending delimiter '/' found C:\Users\15899\Desktop\market\ThinkPHP\Library\Think\Route.class.php 第 58 行.
INFO: [ app_begin ] --START--
INFO: Run Behavior\ReadHtmlCache [ RunTime:0.000785s ]
INFO: [ app_begin ] --END-- [ RunTime:0.000863s ]
INFO: [ app_end ] --START--
INFO: Run Behavior\ShowPageTrace [ RunTime:0.000766s ]
INFO: [ app_end ] --END-- [ RunTime:0.000846s ]

[ 2018-05-06T18:03:12+08:00 ] 127.0.0.1 /index.php?s=/Admin/Public/login.html
INFO: [ app_init ] --START--
INFO: Run Common\Behavior\InitHook [ RunTime:0.001412s ]
INFO: [ app_init ] --END-- [ RunTime:0.001662s ]
NOTIC: [2] preg_match(): No ending delimiter '/' found C:\Users\15899\Desktop\market\ThinkPHP\Library\Think\Route.class.php 第 58 行.
INFO: [ app_begin ] --START--
INFO: Run Behavior\ReadHtmlCache [ RunTime:0.000492s ]
INFO: [ app_begin ] --END-- [ RunTime:0.000534s ]
INFO: [ view_parse ] --START--
INFO: [ template_filter ] --START--
INFO: Run Behavior\ContentReplace [ RunTime:0.000062s ]
INFO: [ template_filter ] --END-- [ RunTime:0.000110s ]
INFO: Run Behavior\ParseTemplate [ RunTime:0.007000s ]
INFO: [ view_parse ] --END-- [ RunTime:0.007051s ]
INFO: [ view_filter ] --START--
INFO: Run Behavior\WriteHtmlCache [ RunTime:0.000356s ]
INFO: [ view_filter ] --END-- [ RunTime:0.000399s ]
INFO: [ app_end ] --START--
INFO: Run Behavior\ShowPageTrace [ RunTime:0.000420s ]
INFO: [ app_end ] --END-- [ RunTime:0.000455s ]

[ 2018-05-06T18:03:12+08:00 ] 127.0.0.1 /index.php?s=/Admin/Public/verify.html
INFO: [ app_init ] --START--
INFO: Run Common\Behavior\InitHook [ RunTime:0.002018s ]
INFO: [ app_init ] --END-- [ RunTime:0.003348s ]
NOTIC: [2] preg_match(): No ending delimiter '/' found C:\Users\15899\Desktop\market\ThinkPHP\Library\Think\Route.class.php 第 58 行.
INFO: [ app_begin ] --START--
INFO: Run Behavior\ReadHtmlCache [ RunTime:0.000638s ]
INFO: [ app_begin ] --END-- [ RunTime:0.000714s ]
INFO: [ app_end ] --START--
INFO: Run Behavior\ShowPageTrace [ RunTime:0.000709s ]
INFO: [ app_end ] --END-- [ RunTime:0.000782s ]

[ 2018-05-06T18:03:13+08:00 ] 127.0.0.1 /index.php?s=/Admin/Public/login.html
INFO: [ app_init ] --START--
INFO: Run Common\Behavior\InitHook [ RunTime:0.001339s ]
INFO: [ app_init ] --END-- [ RunTime:0.001591s ]
NOTIC: [2] preg_match(): No ending delimiter '/' found C:\Users\15899\Desktop\market\ThinkPHP\Library\Think\Route.class.php 第 58 行.
INFO: [ app_begin ] --START--
INFO: Run Behavior\ReadHtmlCache [ RunTime:0.000394s ]
INFO: [ app_begin ] --END-- [ RunTime:0.000433s ]
INFO: [ view_parse ] --START--
INFO: [ template_filter ] --START--
INFO: Run Behavior\ContentReplace [ RunTime:0.000103s ]
INFO: [ template_filter ] --END-- [ RunTime:0.000226s ]
INFO: Run Behavior\ParseTemplate [ RunTime:0.006576s ]
INFO: [ view_parse ] --END-- [ RunTime:0.006616s ]
INFO: [ view_filter ] --START--
INFO: Run Behavior\WriteHtmlCache [ RunTime:0.000304s ]
INFO: [ view_filter ] --END-- [ RunTime:0.000333s ]
INFO: [ app_end ] --START--
INFO: Run Behavior\ShowPageTrace [ RunTime:0.000443s ]
INFO: [ app_end ] --END-- [ RunTime:0.000489s ]

[ 2018-05-06T18:03:13+08:00 ] 127.0.0.1 /index.php?s=/Admin/Public/verify.html
INFO: [ app_init ] --START--
INFO: Run Common\Behavior\InitHook [ RunTime:0.001644s ]
INFO: [ app_init ] --END-- [ RunTime:0.002070s ]
NOTIC: [2] preg_match(): No ending delimiter '/' found C:\Users\15899\Desktop\market\ThinkPHP\Library\Think\Route.class.php 第 58 行.
INFO: [ app_begin ] --START--
INFO: Run Behavior\ReadHtmlCache [ RunTime:0.000770s ]
INFO: [ app_begin ] --END-- [ RunTime:0.000908s ]
INFO: [ app_end ] --START--
INFO: Run Behavior\ShowPageTrace [ RunTime:0.000508s ]
INFO: [ app_end ] --END-- [ RunTime:0.000563s ]

[ 2018-05-06T18:03:13+08:00 ] 127.0.0.1 /index.php?s=/Admin/Public/login.html
INFO: [ app_init ] --START--
INFO: Run Common\Behavior\InitHook [ RunTime:0.001247s ]
INFO: [ app_init ] --END-- [ RunTime:0.001513s ]
NOTIC: [2] preg_match(): No ending delimiter '/' found C:\Users\15899\Desktop\market\ThinkPHP\Library\Think\Route.class.php 第 58 行.
INFO: [ app_begin ] --START--
INFO: Run Behavior\ReadHtmlCache [ RunTime:0.000439s ]
INFO: [ app_begin ] --END-- [ RunTime:0.000475s ]
INFO: [ view_parse ] --START--
INFO: [ template_filter ] --START--
INFO: Run Behavior\ContentReplace [ RunTime:0.000081s ]
INFO: [ template_filter ] --END-- [ RunTime:0.000144s ]
INFO: Run Behavior\ParseTemplate [ RunTime:0.008281s ]
INFO: [ view_parse ] --END-- [ RunTime:0.008326s ]
INFO: [ view_filter ] --START--
INFO: Run Behavior\WriteHtmlCache [ RunTime:0.000328s ]
INFO: [ view_filter ] --END-- [ RunTime:0.000375s ]
INFO: [ app_end ] --START--
INFO: Run Behavior\ShowPageTrace [ RunTime:0.000427s ]
INFO: [ app_end ] --END-- [ RunTime:0.000460s ]

[ 2018-05-06T18:03:13+08:00 ] 127.0.0.1 /index.php?s=/Admin/Public/verify.html
INFO: [ app_init ] --START--
INFO: Run Common\Behavior\InitHook [ RunTime:0.002052s ]
INFO: [ app_init ] --END-- [ RunTime:0.002534s ]
NOTIC: [2] preg_match(): No ending delimiter '/' found C:\Users\15899\Desktop\market\ThinkPHP\Library\Think\Route.class.php 第 58 行.
INFO: [ app_begin ] --START--
INFO: Run Behavior\ReadHtmlCache [ RunTime:0.000445s ]
INFO: [ app_begin ] --END-- [ RunTime:0.000484s ]
INFO: [ app_end ] --START--
INFO: Run Behavior\ShowPageTrace [ RunTime:0.000771s ]
INFO: [ app_end ] --END-- [ RunTime:0.000913s ]

[ 2018-05-06T18:03:28+08:00 ] 127.0.0.1 /index.php?s=/Admin/Public/login.html
INFO: [ app_init ] --START--
INFO: Run Common\Behavior\InitHook [ RunTime:0.001867s ]
INFO: [ app_init ] --END-- [ RunTime:0.002253s ]
NOTIC: [2] preg_match(): No ending delimiter '/' found C:\Users\15899\Desktop\market\ThinkPHP\Library\Think\Route.class.php 第 58 行.
INFO: [ app_begin ] --START--
INFO: Run Behavior\ReadHtmlCache [ RunTime:0.000642s ]
INFO: [ app_begin ] --END-- [ RunTime:0.000689s ]
SQL: SHOW COLUMNS FROM `mk_ucenter_member` [ RunTime:0.008308s ]
SQL: SELECT * FROM `mk_ucenter_member` WHERE ( `username` = 'qiaoyuok' ) LIMIT 1   [ RunTime:0.001240s ]
SQL: UPDATE `mk_ucenter_member` SET `last_login_time`=1525601008,`last_login_ip`='2130706433' WHERE ( `id` = 1 ) [ RunTime:0.000603s ]
SQL: SHOW COLUMNS FROM `mk_member` [ RunTime:0.004486s ]
SQL: SELECT `uid`,`nickname`,`sex`,`birthday`,`qq`,`score`,`login`,`reg_ip`,`reg_time`,`last_login_ip`,`last_login_time`,`status`,`business_id`,`manager` FROM `mk_member` WHERE ( `uid` = 1 ) LIMIT 1   [ RunTime:0.001191s ]
SQL: SHOW COLUMNS FROM `mk_action` [ RunTime:0.004837s ]
SQL: SELECT * FROM `mk_action` WHERE ( `name` = 'user_login' ) LIMIT 1   [ RunTime:0.001229s ]
SQL: UPDATE `mk_member` SET `login`=`login`+1,`last_login_time`=1525601008,`last_login_ip`='2130706433' WHERE ( `uid` = 1 ) [ RunTime:0.001075s ]

[ 2018-05-06T18:03:33+08:00 ] 127.0.0.1 /index.php?s=/Admin/User/index.html
INFO: [ app_init ] --START--
INFO: Run Common\Behavior\InitHook [ RunTime:0.001666s ]
INFO: [ app_init ] --END-- [ RunTime:0.001918s ]
NOTIC: [2] preg_match(): No ending delimiter '/' found C:\Users\15899\Desktop\market\ThinkPHP\Library\Think\Route.class.php 第 58 行.
INFO: [ app_begin ] --START--
INFO: Run Behavior\ReadHtmlCache [ RunTime:0.000874s ]
INFO: [ app_begin ] --END-- [ RunTime:0.000933s ]
SQL: SHOW COLUMNS FROM `mk_menu` [ RunTime:0.010684s ]
SQL: SELECT * FROM `mk_menu` WHERE ( `pid` = 0 ) AND ( `hide` = 0 ) ORDER BY sort asc  [ RunTime:0.000794s ]
SQL: SELECT `id` FROM `mk_menu` WHERE ( url like '%User/index%' ) LIMIT 1   [ RunTime:0.000430s ]
SQL: SHOW COLUMNS FROM `mk_menu` [ RunTime:0.003542s ]
SQL: SELECT `id`,`pid`,`title` FROM `mk_menu` WHERE ( id=16 ) LIMIT 1   [ RunTime:0.000459s ]
SQL: SELECT DISTINCT  `group` FROM `mk_menu` WHERE ( pid = 16 )  [ RunTime:0.000576s ]
SQL: SELECT `id`,`url` FROM `mk_menu` WHERE ( `pid` = 16 ) AND ( `hide` = 0 )  [ RunTime:0.000425s ]
SQL: SELECT `id`,`pid`,`title`,`url`,`tip` FROM `mk_menu` WHERE ( `group` = '用户管理' ) AND ( `pid` = 16 ) AND ( `hide` = 0 ) ORDER BY sort asc  [ RunTime:0.000519s ]
SQL: SELECT `id`,`pid`,`title`,`url`,`tip` FROM `mk_menu` WHERE ( `group` = '行为管理' ) AND ( `pid` = 16 ) AND ( `hide` = 0 ) ORDER BY sort asc  [ RunTime:0.000485s ]
SQL: SELECT `id`,`pid`,`title`,`url`,`tip` FROM `mk_menu` WHERE ( `group` = '' ) AND ( `pid` = 16 ) AND ( `hide` = 0 ) ORDER BY sort asc  [ RunTime:0.000489s ]
SQL: SHOW COLUMNS FROM `mk_member` [ RunTime:0.004690s ]
SQL: SHOW COLUMNS FROM `mk_auth_group_access` [ RunTime:0.004412s ]
SQL: SELECT * FROM `mk_auth_group_access` WHERE ( group_id = 1 )  [ RunTime:0.000511s ]
SQL: SHOW COLUMNS FROM `mk_member` [ RunTime:0.005370s ]
SQL: SELECT COUNT(*) AS tp_count FROM mk_member m,mk_business b WHERE ( m.status>=0 and m.business_id = b.business_id and b.business_id>1 ) LIMIT 1   [ RunTime:0.001499s ]
SQL: SHOW COLUMNS FROM `mk_member` [ RunTime:0.005194s ]
SQL: SELECT m.*,b.business_name,b.business_address FROM mk_member m,mk_business b WHERE ( m.status>=0 and m.business_id = b.business_id and b.business_id>1 ) ORDER BY m.uid asc LIMIT 0,10   [ RunTime:0.001005s ]
INFO: [ view_parse ] --START--
INFO: [ template_filter ] --START--
INFO: Run Behavior\ContentReplace [ RunTime:0.000207s ]
INFO: [ template_filter ] --END-- [ RunTime:0.000276s ]
NOTIC: [8] Undefined variable: meta_title C:\Users\15899\Desktop\market\Runtime\Cache\Admin\65e605872ed5d34210f5b33beb13f5a3.php 第 5 行.
NOTIC: [8] Undefined variable: status C:\Users\15899\Desktop\market\Runtime\Cache\Admin\65e605872ed5d34210f5b33beb13f5a3.php 第 279 行.
INFO: Run Behavior\ParseTemplate [ RunTime:0.014427s ]
INFO: [ view_parse ] --END-- [ RunTime:0.014483s ]
INFO: [ view_filter ] --START--
INFO: Run Behavior\WriteHtmlCache [ RunTime:0.000416s ]
INFO: [ view_filter ] --END-- [ RunTime:0.000449s ]
INFO: [ app_end ] --START--
INFO: Run Behavior\ShowPageTrace [ RunTime:0.001229s ]
INFO: [ app_end ] --END-- [ RunTime:0.001324s ]

[ 2018-05-06T18:04:18+08:00 ] 127.0.0.1 /index.php?s=/Admin/User/index.html
INFO: [ app_init ] --START--
INFO: Run Common\Behavior\InitHook [ RunTime:0.002869s ]
INFO: [ app_init ] --END-- [ RunTime:0.003215s ]
NOTIC: [2] preg_match(): No ending delimiter '/' found C:\Users\15899\Desktop\market\ThinkPHP\Library\Think\Route.class.php 第 58 行.
INFO: [ app_begin ] --START--
INFO: Run Behavior\ReadHtmlCache [ RunTime:0.001515s ]
INFO: [ app_begin ] --END-- [ RunTime:0.001624s ]
SQL: SHOW COLUMNS FROM `mk_menu` [ RunTime:0.003852s ]
SQL: SELECT * FROM `mk_menu` WHERE ( `pid` = 0 ) AND ( `hide` = 0 ) ORDER BY sort asc  [ RunTime:0.000742s ]
SQL: SELECT `id` FROM `mk_menu` WHERE ( url like '%User/index%' ) LIMIT 1   [ RunTime:0.000422s ]
SQL: SHOW COLUMNS FROM `mk_menu` [ RunTime:0.004016s ]
SQL: SELECT `id`,`pid`,`title` FROM `mk_menu` WHERE ( id=16 ) LIMIT 1   [ RunTime:0.000798s ]
SQL: SELECT DISTINCT  `group` FROM `mk_menu` WHERE ( pid = 16 )  [ RunTime:0.001191s ]
SQL: SELECT `id`,`url` FROM `mk_menu` WHERE ( `pid` = 16 ) AND ( `hide` = 0 )  [ RunTime:0.000737s ]
SQL: SELECT `id`,`pid`,`title`,`url`,`tip` FROM `mk_menu` WHERE ( `group` = '用户管理' ) AND ( `pid` = 16 ) AND ( `hide` = 0 ) ORDER BY sort asc  [ RunTime:0.000620s ]
SQL: SELECT `id`,`pid`,`title`,`url`,`tip` FROM `mk_menu` WHERE ( `group` = '行为管理' ) AND ( `pid` = 16 ) AND ( `hide` = 0 ) ORDER BY sort asc  [ RunTime:0.000566s ]
SQL: SELECT `id`,`pid`,`title`,`url`,`tip` FROM `mk_menu` WHERE ( `group` = '' ) AND ( `pid` = 16 ) AND ( `hide` = 0 ) ORDER BY sort asc  [ RunTime:0.000412s ]
SQL: SHOW COLUMNS FROM `mk_member` [ RunTime:0.003907s ]
SQL: SHOW COLUMNS FROM `mk_auth_group_access` [ RunTime:0.002964s ]
SQL: SELECT * FROM `mk_auth_group_access` WHERE ( group_id = 1 )  [ RunTime:0.000456s ]
SQL: SHOW COLUMNS FROM `mk_member` [ RunTime:0.003191s ]
SQL: SELECT COUNT(*) AS tp_count FROM mk_member m,mk_business b WHERE ( m.status>=0 and m.business_id = b.business_id and b.business_id>1 ) LIMIT 1   [ RunTime:0.000561s ]
SQL: SHOW COLUMNS FROM `mk_member` [ RunTime:0.003473s ]
SQL: SELECT m.*,b.business_name,b.business_address FROM mk_member m,mk_business b WHERE ( m.status>=0 and m.business_id = b.business_id and b.business_id>1 ) ORDER BY m.uid asc LIMIT 0,10   [ RunTime:0.000679s ]
INFO: [ view_parse ] --START--
INFO: [ template_filter ] --START--
INFO: Run Behavior\ContentReplace [ RunTime:0.000144s ]
INFO: [ template_filter ] --END-- [ RunTime:0.000187s ]
NOTIC: [8] Undefined variable: meta_title C:\Users\15899\Desktop\market\Runtime\Cache\Admin\65e605872ed5d34210f5b33beb13f5a3.php 第 5 行.
NOTIC: [8] Undefined variable: status C:\Users\15899\Desktop\market\Runtime\Cache\Admin\65e605872ed5d34210f5b33beb13f5a3.php 第 279 行.
INFO: Run Behavior\ParseTemplate [ RunTime:0.015723s ]
INFO: [ view_parse ] --END-- [ RunTime:0.015764s ]
INFO: [ view_filter ] --START--
INFO: Run Behavior\WriteHtmlCache [ RunTime:0.000361s ]
INFO: [ view_filter ] --END-- [ RunTime:0.000395s ]
INFO: [ app_end ] --START--
INFO: Run Behavior\ShowPageTrace [ RunTime:0.001024s ]
INFO: [ app_end ] --END-- [ RunTime:0.001114s ]

[ 2018-05-06T19:19:19+08:00 ] 127.0.0.1 /index.php?s=/Admin/Public/logout.html
INFO: [ app_init ] --START--
INFO: Run Common\Behavior\InitHook [ RunTime:0.005273s ]
INFO: [ app_init ] --END-- [ RunTime:0.006016s ]
NOTIC: [2] preg_match(): No ending delimiter '/' found C:\Users\15899\Desktop\market\ThinkPHP\Library\Think\Route.class.php 第 58 行.
INFO: [ app_begin ] --START--
INFO: Run Behavior\ReadHtmlCache [ RunTime:0.001496s ]
INFO: [ app_begin ] --END-- [ RunTime:0.001640s ]
SQL: SHOW COLUMNS FROM `mk_member` [ RunTime:0.009645s ]
INFO: [ view_parse ] --START--
INFO: [ template_filter ] --START--
INFO: Run Behavior\ContentReplace [ RunTime:0.000074s ]
INFO: [ template_filter ] --END-- [ RunTime:0.000151s ]
INFO: Run Behavior\ParseTemplate [ RunTime:0.007019s ]
INFO: [ view_parse ] --END-- [ RunTime:0.007105s ]
INFO: [ view_filter ] --START--
INFO: Run Behavior\WriteHtmlCache [ RunTime:0.000767s ]
INFO: [ view_filter ] --END-- [ RunTime:0.000815s ]
INFO: [ app_end ] --START--
INFO: Run Behavior\ShowPageTrace [ RunTime:0.000901s ]
INFO: [ app_end ] --END-- [ RunTime:0.000945s ]

[ 2018-05-06T19:19:20+08:00 ] 127.0.0.1 /index.php?s=/Admin/Public/login.html
INFO: [ app_init ] --START--
INFO: Run Common\Behavior\InitHook [ RunTime:0.005258s ]
INFO: [ app_init ] --END-- [ RunTime:0.005812s ]
NOTIC: [2] preg_match(): No ending delimiter '/' found C:\Users\15899\Desktop\market\ThinkPHP\Library\Think\Route.class.php 第 58 行.
INFO: [ app_begin ] --START--
INFO: Run Behavior\ReadHtmlCache [ RunTime:0.001058s ]
INFO: [ app_begin ] --END-- [ RunTime:0.001122s ]
INFO: [ view_parse ] --START--
INFO: [ template_filter ] --START--
INFO: Run Behavior\ContentReplace [ RunTime:0.000059s ]
INFO: [ template_filter ] --END-- [ RunTime:0.000101s ]
INFO: Run Behavior\ParseTemplate [ RunTime:0.007233s ]
INFO: [ view_parse ] --END-- [ RunTime:0.007286s ]
INFO: [ view_filter ] --START--
INFO: Run Behavior\WriteHtmlCache [ RunTime:0.000822s ]
INFO: [ view_filter ] --END-- [ RunTime:0.000875s ]
INFO: [ app_end ] --START--
INFO: Run Behavior\ShowPageTrace [ RunTime:0.001005s ]
INFO: [ app_end ] --END-- [ RunTime:0.001042s ]

[ 2018-05-06T19:19:20+08:00 ] 127.0.0.1 /index.php?s=/Admin/Public/verify.html
INFO: [ app_init ] --START--
INFO: Run Common\Behavior\InitHook [ RunTime:0.002769s ]
INFO: [ app_init ] --END-- [ RunTime:0.003332s ]
NOTIC: [2] preg_match(): No ending delimiter '/' found C:\Users\15899\Desktop\market\ThinkPHP\Library\Think\Route.class.php 第 58 行.
INFO: [ app_begin ] --START--
INFO: Run Behavior\ReadHtmlCache [ RunTime:0.001062s ]
INFO: [ app_begin ] --END-- [ RunTime:0.001152s ]
INFO: [ app_end ] --START--
INFO: Run Behavior\ShowPageTrace [ RunTime:0.000640s ]
INFO: [ app_end ] --END-- [ RunTime:0.000715s ]

